Using pre-set license
Built from '2022.2/release' branch; Version is '2022.2.1f1 (4fead5835099) revision 5237461'; Using compiler version '192829333'; Build Type 'Release'
OS: 'Windows 10  (10.0.19045) 64bit Professional' Language: 'es' Physical Memory: 16317 MB
BatchMode: 1, IsHumanControllingUs: 0, StartBugReporterOnCrash: 0, Is64bit: 1, IsPro: 1

COMMAND LINE ARGUMENTS:
C:\Program Files\Unity\Hub\Editor\2022.2.1f1\Editor\Unity.exe
-adb2
-batchMode
-noUpm
-name
AssetImportWorker2
-projectPath
C:/Users/Alumno.04WS-LAB202-29/Desktop/AppMovilesJAJT/ProgramacionAppMoviles/Project2AppMobile
-logFile
Logs/AssetImportWorker2.log
-srvPort
64651
Successfully changed project path to: C:/Users/Alumno.04WS-LAB202-29/Desktop/AppMovilesJAJT/ProgramacionAppMoviles/Project2AppMobile
C:/Users/Alumno.04WS-LAB202-29/Desktop/AppMovilesJAJT/ProgramacionAppMoviles/Project2AppMobile
[UnityMemory] Configuration Parameters - Can be set up in boot.config
    "memorysetup-bucket-allocator-granularity=16"
    "memorysetup-bucket-allocator-bucket-count=8"
    "memorysetup-bucket-allocator-block-size=33554432"
    "memorysetup-bucket-allocator-block-count=8"
    "memorysetup-main-allocator-block-size=16777216"
    "memorysetup-thread-allocator-block-size=16777216"
    "memorysetup-gfx-main-allocator-block-size=16777216"
    "memorysetup-gfx-thread-allocator-block-size=16777216"
    "memorysetup-cache-allocator-block-size=4194304"
    "memorysetup-typetree-allocator-block-size=2097152"
    "memorysetup-profiler-bucket-allocator-granularity=16"
    "memorysetup-profiler-bucket-allocator-bucket-count=8"
    "memorysetup-profiler-bucket-allocator-block-size=33554432"
    "memorysetup-profiler-bucket-allocator-block-count=8"
    "memorysetup-profiler-allocator-block-size=16777216"
    "memorysetup-profiler-editor-allocator-block-size=1048576"
    "memorysetup-temp-allocator-size-main=16777216"
    "memorysetup-job-temp-allocator-block-size=2097152"
    "memorysetup-job-temp-allocator-block-size-background=1048576"
    "memorysetup-job-temp-allocator-reduction-small-platforms=262144"
    "memorysetup-temp-allocator-size-background-worker=32768"
    "memorysetup-temp-allocator-size-job-worker=262144"
    "memorysetup-temp-allocator-size-preload-manager=33554432"
    "memorysetup-temp-allocator-size-nav-mesh-worker=65536"
    "memorysetup-temp-allocator-size-audio-worker=65536"
    "memorysetup-temp-allocator-size-cloud-worker=32768"
    "memorysetup-temp-allocator-size-gi-baking-worker=262144"
    "memorysetup-temp-allocator-size-gfx=262144"
Player connection [11944] Host "[IP] 172.61.7.102 [Port] 0 [Flags] 2 [Guid] 5888482 [EditorId] 5888482 [Version] 1048832 [Id] WindowsEditor(7,04WS-LAB202-29) [Debug] 1 [PackageName] WindowsEditor [ProjectName] Editor" joined multi-casting on [225.0.0.222:54997]...

Player connection [11944] Host "[IP] 172.61.7.102 [Port] 0 [Flags] 2 [Guid] 5888482 [EditorId] 5888482 [Version] 1048832 [Id] WindowsEditor(7,04WS-LAB202-29) [Debug] 1 [PackageName] WindowsEditor [ProjectName] Editor" joined alternative multi-casting on [225.0.0.222:34997]...

Refreshing native plugins compatible for Editor in 38.56 ms, found 4 plugins.
Preloading 0 native plugins for Editor in 0.00 ms.
Initialize engine version: 2022.2.1f1 (4fead5835099)
[Subsystems] Discovering subsystems at path C:/Program Files/Unity/Hub/Editor/2022.2.1f1/Editor/Data/Resources/UnitySubsystems
[Subsystems] Discovering subsystems at path C:/Users/Alumno.04WS-LAB202-29/Desktop/AppMovilesJAJT/ProgramacionAppMoviles/Project2AppMobile/Assets
GfxDevice: creating device client; threaded=0; jobified=0
Direct3D:
    Version:  Direct3D 11.0 [level 11.1]
    Renderer: AMD Radeon R7 430 (ID=0x6611)
    Vendor:   ATI
    VRAM:     2028 MB
    Driver:   27.20.20908.4000
Initialize mono
Mono path[0] = 'C:/Program Files/Unity/Hub/Editor/2022.2.1f1/Editor/Data/Managed'
Mono path[1] = 'C:/Program Files/Unity/Hub/Editor/2022.2.1f1/Editor/Data/MonoBleedingEdge/lib/mono/unityjit-win32'
Mono config path = 'C:/Program Files/Unity/Hub/Editor/2022.2.1f1/Editor/Data/MonoBleedingEdge/etc'
Using monoOptions --debugger-agent=transport=dt_socket,embedding=1,server=y,suspend=n,address=127.0.0.1:56576
Begin MonoManager ReloadAssembly
Registering precompiled unity dll's ...
Register platform support module: C:/Program Files/Unity/Hub/Editor/2022.2.1f1/Editor/Data/PlaybackEngines/AndroidPlayer/UnityEditor.Android.Extensions.dll
Register platform support module: C:/Program Files/Unity/Hub/Editor/2022.2.1f1/Editor/Data/PlaybackEngines/WindowsStandaloneSupport/UnityEditor.WindowsStandalone.Extensions.dll
Registered in 0.020670 seconds.
- Loaded All Assemblies, in  0.488 seconds
Native extension for WindowsStandalone target not found
Native extension for Android target not found
Android Extension - Scanning For ADB Devices 320 ms
Mono: successfully reloaded assembly
- Finished resetting the current domain, in  0.697 seconds
Domain Reload Profiling:
	ReloadAssembly (291ms)
		BeginReloadAssembly (118ms)
			ExecutionOrderSort (0ms)
			DisableScriptedObjects (0ms)
			BackupInstance (0ms)
			ReleaseScriptingObjects (0ms)
			CreateAndSetChildDomain (1ms)
		LoadAllAssembliesAndSetupDomain (0ms)
			LoadAssemblies (114ms)
			RebuildTransferFunctionScriptingTraits (0ms)
			SetupTypeCache (179ms)
				TypeCache.Initialize (178ms)
					TypeCache.ScanAssembly (176ms)
				ResolveRequiredComponents (1ms)
		FinalizeReload (0ms)
			ReleaseScriptCaches (0ms)
			RebuildScriptCaches (0ms)
			SetupLoadedEditorAssemblies (624ms)
				LogAssemblyErrors (0ms)
				InitializePlatformSupportModulesInManaged (424ms)
				SetLoadedEditorAssemblies (5ms)
				RefreshPlugins (0ms)
				BeforeProcessingInitializeOnLoad (1ms)
				ProcessInitializeOnLoadAttributes (136ms)
				ProcessInitializeOnLoadMethodAttributes (58ms)
				AfterProcessingInitializeOnLoad (0ms)
				EditorAssembliesLoaded (0ms)
			ExecutionOrderSort2 (0ms)
			AwakeInstancesAfterBackupRestoration (0ms)
========================================================================
Worker process is ready to serve import requests
Begin MonoManager ReloadAssembly
Symbol file LoadedFromMemory doesn't match image C:\Users\Alumno.04WS-LAB202-29\Desktop\AppMovilesJAJT\ProgramacionAppMoviles\Project2AppMobile\Library\PackageCache\com.unity.visualscripting@1.7.8\Editor\VisualScripting.Core\Dependencies\YamlDotNet\Unity.VisualScripting.YamlDotNet.dll
Symbol file LoadedFromMemory doesn't match image C:\Users\Alumno.04WS-LAB202-29\Desktop\AppMovilesJAJT\ProgramacionAppMoviles\Project2AppMobile\Library\PackageCache\com.unity.visualscripting@1.7.8\Editor\VisualScripting.Core\Dependencies\DotNetZip\Unity.VisualScripting.IonicZip.dll
- Loaded All Assemblies, in  1.127 seconds
Refreshing native plugins compatible for Editor in 17.31 ms, found 4 plugins.
Native extension for WindowsStandalone target not found
Native extension for Android target not found
Mono: successfully reloaded assembly
Package Manager log level set to [2]
[Package Manager] Server::EnsureServerProcessIsRunning -- launch failed, reason: Unity was launched with the -noUpm command-line argument
[Package Manager] UpmClient::Send -- Unable to send message (not connected to UPM process).
[Package Manager] Cannot connect to Unity Package Manager local server
[Package Manager] Server::EnsureServerProcessIsRunning -- launch failed, reason: Unity was launched with the -noUpm command-line argument
[Package Manager] UpmClient::Send -- Unable to send message (not connected to UPM process).
[Package Manager] Cannot connect to Unity Package Manager local server
- Finished resetting the current domain, in  0.800 seconds
Domain Reload Profiling:
	ReloadAssembly (314ms)
		BeginReloadAssembly (173ms)
			ExecutionOrderSort (0ms)
			DisableScriptedObjects (8ms)
			BackupInstance (0ms)
			ReleaseScriptingObjects (0ms)
			CreateAndSetChildDomain (26ms)
		LoadAllAssembliesAndSetupDomain (801ms)
			LoadAssemblies (162ms)
			RebuildTransferFunctionScriptingTraits (0ms)
			SetupTypeCache (711ms)
				TypeCache.Initialize (371ms)
					TypeCache.ScanAssembly (365ms)
				ResolveRequiredComponents (6ms)
		FinalizeReload (0ms)
			ReleaseScriptCaches (0ms)
			RebuildScriptCaches (0ms)
			SetupLoadedEditorAssemblies (584ms)
				LogAssemblyErrors (0ms)
				InitializePlatformSupportModulesInManaged (27ms)
				SetLoadedEditorAssemblies (8ms)
				RefreshPlugins (0ms)
				BeforeProcessingInitializeOnLoad (132ms)
				ProcessInitializeOnLoadAttributes (350ms)
				ProcessInitializeOnLoadMethodAttributes (51ms)
				AfterProcessingInitializeOnLoad (16ms)
				EditorAssembliesLoaded (0ms)
			ExecutionOrderSort2 (0ms)
			AwakeInstancesAfterBackupRestoration (8ms)
Launched and connected shader compiler UnityShaderCompiler.exe after 0.08 seconds
Refreshing native plugins compatible for Editor in 19.10 ms, found 4 plugins.
Preloading 0 native plugins for Editor in 0.00 ms.
Unloading 4517 Unused Serialized files (Serialized files now loaded: 0)
Unloading 57 unused Assets / (81.8 KB). Loaded Objects now: 4960.
Memory consumption went from 0.67 GB to 0.67 GB.
Total: 5.416800 ms (FindLiveObjects: 0.634000 ms CreateObjectMapping: 0.146000 ms MarkObjects: 4.451200 ms  DeleteObjects: 0.184000 ms)

AssetImportParameters requested are different than current active one (requested -> active):
  custom:container-demuxer-ogg: 62fdf1f143b41e24485cea50d1cbac27 -> 
  custom:video-decoder-ogg-theora: a1e56fd34408186e4bbccfd4996cb3dc -> 
  custom:framework-win-MediaFoundation: 216162199b28c13a410421893ffa2e32 -> 
  custom:container-demuxer-webm: 4f35f7cbe854078d1ac9338744f61a02 -> 
  custom:container-muxer-webm: aa71ff27fc2769a1b78a27578f13a17b -> 
  custom:video-decoder-webm-vp8: 9c59270c3fd7afecdb556c50c9e8de78 -> 
  custom:AudioImporter_EditorPlatform: d09bf68614088b80899f8185d706f6e7 -> 
  custom:video-encoder-webm-vp8: eb34c28f22e8b96e1ab97ce403110664 -> 
  custom:audio-decoder-ogg-vorbis: bf7c407c2cedff20999df2af8eb42d56 -> 
  custom:audio-encoder-webm-vorbis: bf7c407c2cedff20999df2af8eb42d56 -> 
========================================================================
Received Import Request.
  Time since last request: 425866.899804 seconds.
  path: Assets/Mountain Dusk Artwork
  artifactKey: Guid(d84505807289baf4f8e323a097314be4) Importer(815301076,1909f56bfc062723c751e8b465ee728b)
Number of updated assets reloaded before import = 0
Start importing Assets/Mountain Dusk Artwork using Guid(d84505807289baf4f8e323a097314be4) Importer(815301076,1909f56bfc062723c751e8b465ee728b)  -> (artifact id: 'a3c317017a6e0eab1c08273ca1e7473b') in 0.007485 seconds 
Number of asset objects unloaded after import = 0
========================================================================
Received Import Request.
  Time since last request: 1.491786 seconds.
  path: Assets/Mountain Dusk Artwork/Mountain Dusk
  artifactKey: Guid(00dcbee8cbaa50141bdbaebc35385b2f) Importer(815301076,1909f56bfc062723c751e8b465ee728b)
Number of updated assets reloaded before import = 0
Start importing Assets/Mountain Dusk Artwork/Mountain Dusk using Guid(00dcbee8cbaa50141bdbaebc35385b2f) Importer(815301076,1909f56bfc062723c751e8b465ee728b)  -> (artifact id: '48c39f9d4be1be080fab6eed74b0db24') in 0.005760 seconds 
Number of asset objects unloaded after import = 0
========================================================================
Received Import Request.
  Time since last request: 0.051264 seconds.
  path: Assets/Mountain Dusk Artwork/Mountain Dusk/parallax-mountain-bg.png
  artifactKey: Guid(8561de75836fa478e9cb13037cb8d396) Importer(815301076,1909f56bfc062723c751e8b465ee728b)
Number of updated assets reloaded before import = 0
Start importing Assets/Mountain Dusk Artwork/Mountain Dusk/parallax-mountain-bg.png using Guid(8561de75836fa478e9cb13037cb8d396) Importer(815301076,1909f56bfc062723c751e8b465ee728b)  -> (artifact id: '73c3046bde0017bdc85a7c98f9737203') in 0.298682 seconds 
Number of asset objects unloaded after import = 3
========================================================================
Received Import Request.
  Time since last request: 215.450766 seconds.
  path: Assets/Sunny Land Forest Assets/Artwork/Sprites/player/player-idle/player-idle-9.png
  artifactKey: Guid(d3e4ae620084e4e91bf9911e65316475) Importer(-1,00000000000000000000000000000000)
Number of updated assets reloaded before import = 0
Start importing Assets/Sunny Land Forest Assets/Artwork/Sprites/player/player-idle/player-idle-9.png using Guid(d3e4ae620084e4e91bf9911e65316475) Importer(-1,00000000000000000000000000000000)  -> (artifact id: '1b96919d93ab103f38f439eded710456') in 0.088226 seconds 
Number of asset objects unloaded after import = 0
========================================================================
Received Import Request.
  Time since last request: 0.000037 seconds.
  path: Assets/Sunny Land Forest Assets/Artwork/Environment/props/plant.png
  artifactKey: Guid(5f8faaf7bc08f478fa9d600f48632355) Importer(-1,00000000000000000000000000000000)
Number of updated assets reloaded before import = 0
Start importing Assets/Sunny Land Forest Assets/Artwork/Environment/props/plant.png using Guid(5f8faaf7bc08f478fa9d600f48632355) Importer(-1,00000000000000000000000000000000)  -> (artifact id: 'fe09b6295b13025c4b8fee22f42c37f3') in 0.023291 seconds 
Number of asset objects unloaded after import = 0
========================================================================
Received Import Request.
  Time since last request: 0.000043 seconds.
  path: Assets/Sunny Land Forest Assets/Artwork/Sprites/player/player-skip/player-skip-3.png
  artifactKey: Guid(7a2c27c83cf9b43ed90089568bcc873c) Importer(-1,00000000000000000000000000000000)
Number of updated assets reloaded before import = 0
Start importing Assets/Sunny Land Forest Assets/Artwork/Sprites/player/player-skip/player-skip-3.png using Guid(7a2c27c83cf9b43ed90089568bcc873c) Importer(-1,00000000000000000000000000000000)  -> (artifact id: '4b425f40b54d6be0547b0e48cb8327d5') in 0.022565 seconds 
Number of asset objects unloaded after import = 0
========================================================================
Received Import Request.
  Time since last request: 0.000026 seconds.
  path: Assets/Sunny Land Forest Assets/Artwork/Sprites/misc/enemy-death/enemy-death-6.png
  artifactKey: Guid(52edd99451a0a440a8638e8d1d9a565d) Importer(-1,00000000000000000000000000000000)
Number of updated assets reloaded before import = 0
Start importing Assets/Sunny Land Forest Assets/Artwork/Sprites/misc/enemy-death/enemy-death-6.png using Guid(52edd99451a0a440a8638e8d1d9a565d) Importer(-1,00000000000000000000000000000000)  -> (artifact id: '2763d6171505af09b8c51f6e1f3f8a5f') in 0.021023 seconds 
Number of asset objects unloaded after import = 0
========================================================================
Received Import Request.
  Time since last request: 0.000028 seconds.
  path: Assets/Sunny Land Forest Assets/Artwork/Sprites/player/player-fall/player-fall-4.png
  artifactKey: Guid(5734d74157bc2479187fff410e2c3b7e) Importer(-1,00000000000000000000000000000000)
Number of updated assets reloaded before import = 0
Start importing Assets/Sunny Land Forest Assets/Artwork/Sprites/player/player-fall/player-fall-4.png using Guid(5734d74157bc2479187fff410e2c3b7e) Importer(-1,00000000000000000000000000000000)  -> (artifact id: 'b03a974cb2d3cfd5356f9e6e202081cd') in 0.022339 seconds 
Number of asset objects unloaded after import = 0
========================================================================
Received Import Request.
  Time since last request: 0.000024 seconds.
  path: Assets/Sunny Land Forest Assets/Artwork/Sprites/misc/chest/chest-2.png
  artifactKey: Guid(1c94b4117c4854885beb4d2779c5a9d0) Importer(-1,00000000000000000000000000000000)
Number of updated assets reloaded before import = 0
Start importing Assets/Sunny Land Forest Assets/Artwork/Sprites/misc/chest/chest-2.png using Guid(1c94b4117c4854885beb4d2779c5a9d0) Importer(-1,00000000000000000000000000000000)  -> (artifact id: 'beac6d27ef8a692ff4f5c080e7fbd7fa') in 0.023210 seconds 
Number of asset objects unloaded after import = 0
========================================================================
Received Import Request.
  Time since last request: 0.000032 seconds.
  path: Assets/Sunny Land Forest Assets/Artwork/Environment/middleground.png
  artifactKey: Guid(d826448c67ac24a828938a397a088786) Importer(-1,00000000000000000000000000000000)
Number of updated assets reloaded before import = 0
Start importing Assets/Sunny Land Forest Assets/Artwork/Environment/middleground.png using Guid(d826448c67ac24a828938a397a088786) Importer(-1,00000000000000000000000000000000)  -> (artifact id: 'b6e5d601cca250699411b9a20ae0d426') in 0.034585 seconds 
Number of asset objects unloaded after import = 0
========================================================================
Received Import Request.
  Time since last request: 0.000028 seconds.
  path: Assets/Sunny Land Forest Assets/Artwork/Sprites/player/player-jump/player-jump-4.png
  artifactKey: Guid(6750907b9c70e446aac2628e2f34cd38) Importer(-1,00000000000000000000000000000000)
Number of updated assets reloaded before import = 0
Start importing Assets/Sunny Land Forest Assets/Artwork/Sprites/player/player-jump/player-jump-4.png using Guid(6750907b9c70e446aac2628e2f34cd38) Importer(-1,00000000000000000000000000000000)  -> (artifact id: 'b99e83c54563d58484f9aaaea60badc9') in 0.022292 seconds 
Number of asset objects unloaded after import = 0
========================================================================
Received Import Request.
  Time since last request: 0.000024 seconds.
  path: Assets/Sunny Land Forest Assets/Artwork/Sprites/enemies/piranha-plant/piranha-plant-4.png
  artifactKey: Guid(515ce34f88f26422f98fead242d86dac) Importer(-1,00000000000000000000000000000000)
Number of updated assets reloaded before import = 0
Start importing Assets/Sunny Land Forest Assets/Artwork/Sprites/enemies/piranha-plant/piranha-plant-4.png using Guid(515ce34f88f26422f98fead242d86dac) Importer(-1,00000000000000000000000000000000)  -> (artifact id: '0d554737fc76449a1ae7fd81a9650842') in 0.022861 seconds 
Number of asset objects unloaded after import = 0
========================================================================
Received Import Request.
  Time since last request: 0.000025 seconds.
  path: Assets/Sunny Land Forest Assets/Artwork/Sprites/player/player-idle/player-idle-8.png
  artifactKey: Guid(2594a7d7126c04e0786f0de669bab9b0) Importer(-1,00000000000000000000000000000000)
Number of updated assets reloaded before import = 0
Start importing Assets/Sunny Land Forest Assets/Artwork/Sprites/player/player-idle/player-idle-8.png using Guid(2594a7d7126c04e0786f0de669bab9b0) Importer(-1,00000000000000000000000000000000)  -> (artifact id: '03bb2d4c24daebc3d8a0d8e1711c7cad') in 0.022441 seconds 
Number of asset objects unloaded after import = 0
========================================================================
Received Import Request.
  Time since last request: 0.000023 seconds.
  path: Assets/Sunny Land Forest Assets/Artwork/Sprites/player/player-idle/player-idle-1.png
  artifactKey: Guid(522d916af9f7944fc9739fa8abcde570) Importer(-1,00000000000000000000000000000000)
Number of updated assets reloaded before import = 0
Start importing Assets/Sunny Land Forest Assets/Artwork/Sprites/player/player-idle/player-idle-1.png using Guid(522d916af9f7944fc9739fa8abcde570) Importer(-1,00000000000000000000000000000000)  -> (artifact id: '89edbeb60f44d057a5e225d1ce78f2d1') in 0.022489 seconds 
Number of asset objects unloaded after import = 0
========================================================================
Received Import Request.
  Time since last request: 0.000035 seconds.
  path: Assets/Sunny Land Forest Assets/Artwork/Sprites/enemies/bee/bee-3.png
  artifactKey: Guid(9ea51be9f59364c69a4655d2b329cc78) Importer(-1,00000000000000000000000000000000)
Number of updated assets reloaded before import = 0
Start importing Assets/Sunny Land Forest Assets/Artwork/Sprites/enemies/bee/bee-3.png using Guid(9ea51be9f59364c69a4655d2b329cc78) Importer(-1,00000000000000000000000000000000)  -> (artifact id: 'b919766176598d95aebaa8c275d052e3') in 0.022179 seconds 
Number of asset objects unloaded after import = 0
========================================================================
Received Import Request.
  Time since last request: 0.000026 seconds.
  path: Assets/Sunny Land Forest Assets/Artwork/Sprites/player/player-hurt/player-hurt-2.png
  artifactKey: Guid(8dd0420581d0e467fa45c6c9a6357118) Importer(-1,00000000000000000000000000000000)
Number of updated assets reloaded before import = 0
Start importing Assets/Sunny Land Forest Assets/Artwork/Sprites/player/player-hurt/player-hurt-2.png using Guid(8dd0420581d0e467fa45c6c9a6357118) Importer(-1,00000000000000000000000000000000)  -> (artifact id: '634ac05b582f7a357379f81ed7e420bd') in 0.022459 seconds 
Number of asset objects unloaded after import = 0
========================================================================
Received Import Request.
  Time since last request: 0.000027 seconds.
  path: Assets/Sunny Land Forest Assets/Artwork/Sprites/misc/star/star-4.png
  artifactKey: Guid(cd17048ac3cae4866b2c901e53308c7a) Importer(-1,00000000000000000000000000000000)
Number of updated assets reloaded before import = 0
Start importing Assets/Sunny Land Forest Assets/Artwork/Sprites/misc/star/star-4.png using Guid(cd17048ac3cae4866b2c901e53308c7a) Importer(-1,00000000000000000000000000000000)  -> (artifact id: 'e4872804b74fc19c4135a98aea8f04ee') in 0.022152 seconds 
Number of asset objects unloaded after import = 0
========================================================================
Received Import Request.
  Time since last request: 0.000026 seconds.
  path: Assets/Sunny Land Forest Assets/Artwork/Sprites/enemies/slug/slug-2.png
  artifactKey: Guid(132f3047e7446419d96cca56122068b2) Importer(-1,00000000000000000000000000000000)
Number of updated assets reloaded before import = 0
Start importing Assets/Sunny Land Forest Assets/Artwork/Sprites/enemies/slug/slug-2.png using Guid(132f3047e7446419d96cca56122068b2) Importer(-1,00000000000000000000000000000000)  -> (artifact id: '4fc9ed3ef3127f8b904939f0950dfeef') in 0.022173 seconds 
Number of asset objects unloaded after import = 0
========================================================================
Received Import Request.
  Time since last request: 0.000025 seconds.
  path: Assets/Sunny Land Forest Assets/Artwork/Sprites/misc/carrot/carrot-1.png
  artifactKey: Guid(a3917d9ddd18744a69be8a1b1a3eaa88) Importer(-1,00000000000000000000000000000000)
Number of updated assets reloaded before import = 0
Start importing Assets/Sunny Land Forest Assets/Artwork/Sprites/misc/carrot/carrot-1.png using Guid(a3917d9ddd18744a69be8a1b1a3eaa88) Importer(-1,00000000000000000000000000000000)  -> (artifact id: '4511736a13564daedc877f20a8aa316b') in 0.023398 seconds 
Number of asset objects unloaded after import = 0
========================================================================
Received Import Request.
  Time since last request: 0.000028 seconds.
  path: Assets/Sunny Land Forest Assets/Artwork/Sprites/enemies/bee/bee-8.png
  artifactKey: Guid(e8a306ff172224d878af749a5e63deee) Importer(-1,00000000000000000000000000000000)
Number of updated assets reloaded before import = 0
Start importing Assets/Sunny Land Forest Assets/Artwork/Sprites/enemies/bee/bee-8.png using Guid(e8a306ff172224d878af749a5e63deee) Importer(-1,00000000000000000000000000000000)  -> (artifact id: '187804978ec83e4bdd812bf3929f3dcf') in 0.023285 seconds 
Number of asset objects unloaded after import = 0
========================================================================
Received Import Request.
  Time since last request: 0.000026 seconds.
  path: Assets/Sunny Land Forest Assets/Artwork/Sprites/misc/enemy-death/enemy-death-5.png
  artifactKey: Guid(750af71cd7cb043608f1c052510f52d8) Importer(-1,00000000000000000000000000000000)
Number of updated assets reloaded before import = 0
Start importing Assets/Sunny Land Forest Assets/Artwork/Sprites/misc/enemy-death/enemy-death-5.png using Guid(750af71cd7cb043608f1c052510f52d8) Importer(-1,00000000000000000000000000000000)  -> (artifact id: '41a9820486dde73cf454f25452237e84') in 0.052393 seconds 
Number of asset objects unloaded after import = 0
========================================================================
Received Import Request.
  Time since last request: 0.000025 seconds.
  path: Assets/Sunny Land Forest Assets/Artwork/Sprites/enemies/piranha-plant/piranha-plant-1.png
  artifactKey: Guid(86afbf04432b34e1883a20f99f007881) Importer(-1,00000000000000000000000000000000)
Number of updated assets reloaded before import = 0
Start importing Assets/Sunny Land Forest Assets/Artwork/Sprites/enemies/piranha-plant/piranha-plant-1.png using Guid(86afbf04432b34e1883a20f99f007881) Importer(-1,00000000000000000000000000000000)  -> (artifact id: '0d5af4113ce281f7611600ca346e02a0') in 0.023033 seconds 
Number of asset objects unloaded after import = 0
========================================================================
Received Import Request.
  Time since last request: 0.000024 seconds.
  path: Assets/Sunny Land Forest Assets/Artwork/Sprites/player/player-duck/player-duck-2.png
  artifactKey: Guid(22b38c237c6d149329d5792dad4f1ad3) Importer(-1,00000000000000000000000000000000)
Number of updated assets reloaded before import = 0
Start importing Assets/Sunny Land Forest Assets/Artwork/Sprites/player/player-duck/player-duck-2.png using Guid(22b38c237c6d149329d5792dad4f1ad3) Importer(-1,00000000000000000000000000000000)  -> (artifact id: '13b82291d9106bce98a397f70e5ea2fe') in 0.022101 seconds 
Number of asset objects unloaded after import = 0
========================================================================
Received Import Request.
  Time since last request: 0.000038 seconds.
  path: Assets/Sunny Land Forest Assets/Artwork/Sprites/player/player-skip/player-skip-6.png
  artifactKey: Guid(92e6c90aba13b484dad0e3bf9916be3b) Importer(-1,00000000000000000000000000000000)
Number of updated assets reloaded before import = 0
Start importing Assets/Sunny Land Forest Assets/Artwork/Sprites/player/player-skip/player-skip-6.png using Guid(92e6c90aba13b484dad0e3bf9916be3b) Importer(-1,00000000000000000000000000000000)  -> (artifact id: 'ea92bc2ee7e2c66ed973c8845a6f2900') in 0.022289 seconds 
Number of asset objects unloaded after import = 0
========================================================================
Received Import Request.
  Time since last request: 0.000042 seconds.
  path: Assets/Sunny Land Forest Assets/Artwork/Environment/background.png
  artifactKey: Guid(0ec7f03d689614a43ae2aeba2db954c0) Importer(-1,00000000000000000000000000000000)
Number of updated assets reloaded before import = 0
Start importing Assets/Sunny Land Forest Assets/Artwork/Environment/background.png using Guid(0ec7f03d689614a43ae2aeba2db954c0) Importer(-1,00000000000000000000000000000000)  -> (artifact id: 'dd10beef91620f330769f7b71da83392') in 0.024347 seconds 
Number of asset objects unloaded after import = 0
========================================================================
Received Import Request.
  Time since last request: 0.000029 seconds.
  path: Assets/Sunny Land Forest Assets/Artwork/Sprites/player/player-jump/player-jump-3.png
  artifactKey: Guid(24a6b588383174a0094301da3064b01c) Importer(-1,00000000000000000000000000000000)
Number of updated assets reloaded before import = 0
Start importing Assets/Sunny Land Forest Assets/Artwork/Sprites/player/player-jump/player-jump-3.png using Guid(24a6b588383174a0094301da3064b01c) Importer(-1,00000000000000000000000000000000)  -> (artifact id: '3b22883d5441f26894acbcf732c04ea8') in 0.023450 seconds 
Number of asset objects unloaded after import = 0
========================================================================
Received Import Request.
  Time since last request: 0.000029 seconds.
  path: Assets/Sunny Land Forest Assets/Artwork/Environment/props/vine.png
  artifactKey: Guid(07e41a4feae544b6e8ce053545f68e4d) Importer(-1,00000000000000000000000000000000)
Number of updated assets reloaded before import = 0
Start importing Assets/Sunny Land Forest Assets/Artwork/Environment/props/vine.png using Guid(07e41a4feae544b6e8ce053545f68e4d) Importer(-1,00000000000000000000000000000000)  -> (artifact id: 'a5e7b81f41bddfcfaebd729e2357ee23') in 0.023836 seconds 
Number of asset objects unloaded after import = 0
========================================================================
Received Import Request.
  Time since last request: 0.000038 seconds.
  path: Assets/Sunny Land Forest Assets/Artwork/Sprites/misc/hud/hud-1.png
  artifactKey: Guid(b18aa9795ff504f048a193653a6aaaa6) Importer(-1,00000000000000000000000000000000)
Number of updated assets reloaded before import = 0
Start importing Assets/Sunny Land Forest Assets/Artwork/Sprites/misc/hud/hud-1.png using Guid(b18aa9795ff504f048a193653a6aaaa6) Importer(-1,00000000000000000000000000000000)  -> (artifact id: '0f4cb9e10b32b954f7df4a15e9c79297') in 0.021902 seconds 
Number of asset objects unloaded after import = 0
========================================================================
Received Import Request.
  Time since last request: 0.000039 seconds.
  path: Assets/Sunny Land Forest Assets/Artwork/Sprites/player/player-skip/player-skip-4.png
  artifactKey: Guid(3d0336537c9f448e99b416d25c5dd291) Importer(-1,00000000000000000000000000000000)
Number of updated assets reloaded before import = 0
Start importing Assets/Sunny Land Forest Assets/Artwork/Sprites/player/player-skip/player-skip-4.png using Guid(3d0336537c9f448e99b416d25c5dd291) Importer(-1,00000000000000000000000000000000)  -> (artifact id: '1c4b555fe3559f3a2f695fe78bc80d25') in 0.024235 seconds 
Number of asset objects unloaded after import = 0
========================================================================
Received Import Request.
  Time since last request: 0.000037 seconds.
  path: Assets/Sunny Land Forest Assets/Artwork/Sprites/misc/star/star-3.png
  artifactKey: Guid(d1aacfd62b97944e4b44813b746f7f3b) Importer(-1,00000000000000000000000000000000)
Number of updated assets reloaded before import = 0
Start importing Assets/Sunny Land Forest Assets/Artwork/Sprites/misc/star/star-3.png using Guid(d1aacfd62b97944e4b44813b746f7f3b) Importer(-1,00000000000000000000000000000000)  -> (artifact id: '6dee103131f6ecedf119a0bf39af86c4') in 0.023644 seconds 
Number of asset objects unloaded after import = 0
========================================================================
Received Import Request.
  Time since last request: 0.000036 seconds.
  path: Assets/Sunny Land Forest Assets/Artwork/Environment/props/tree.png
  artifactKey: Guid(da6a6286a0d4043d1b91c1d6f94bf1ef) Importer(-1,00000000000000000000000000000000)
Number of updated assets reloaded before import = 0
Start importing Assets/Sunny Land Forest Assets/Artwork/Environment/props/tree.png using Guid(da6a6286a0d4043d1b91c1d6f94bf1ef) Importer(-1,00000000000000000000000000000000)  -> (artifact id: '4efce561e9197b055f9430818f7a92cc') in 0.031408 seconds 
Number of asset objects unloaded after import = 0
========================================================================
Received Import Request.
  Time since last request: 0.000037 seconds.
  path: Assets/Sunny Land Forest Assets/Artwork/Sprites/player/player-hurt/player-hurt-1.png
  artifactKey: Guid(3b4b1e16a95e74343b1e48f41487931a) Importer(-1,00000000000000000000000000000000)
Number of updated assets reloaded before import = 0
Start importing Assets/Sunny Land Forest Assets/Artwork/Sprites/player/player-hurt/player-hurt-1.png using Guid(3b4b1e16a95e74343b1e48f41487931a) Importer(-1,00000000000000000000000000000000)  -> (artifact id: '846c9a0fb2aba8407dbd7a886432d3db') in 0.030120 seconds 
Number of asset objects unloaded after import = 0
========================================================================
Received Import Request.
  Time since last request: 0.000072 seconds.
  path: Assets/Sunny Land Forest Assets/Artwork/Sprites/enemies/piranha-plant-attack/piranha-plant-attack-3.png
  artifactKey: Guid(b5021aa6d01924c789ec214f2afb5cbc) Importer(-1,00000000000000000000000000000000)
Number of updated assets reloaded before import = 0
Start importing Assets/Sunny Land Forest Assets/Artwork/Sprites/enemies/piranha-plant-attack/piranha-plant-attack-3.png using Guid(b5021aa6d01924c789ec214f2afb5cbc) Importer(-1,00000000000000000000000000000000)  -> (artifact id: '77e6a8b58649b64d489cbcf9305a861a') in 0.028948 seconds 
Number of asset objects unloaded after import = 0
========================================================================
Received Import Request.
  Time since last request: 0.000026 seconds.
  path: Assets/Sunny Land Forest Assets/Artwork/Sprites/player/player-idle/player-idle-2.png
  artifactKey: Guid(de32ff31eb54442239c19b4a89962c69) Importer(-1,00000000000000000000000000000000)
Number of updated assets reloaded before import = 0
Start importing Assets/Sunny Land Forest Assets/Artwork/Sprites/player/player-idle/player-idle-2.png using Guid(de32ff31eb54442239c19b4a89962c69) Importer(-1,00000000000000000000000000000000)  -> (artifact id: '41335166fee96c15da57a877d3fc3c89') in 0.022368 seconds 
Number of asset objects unloaded after import = 0
========================================================================
Received Import Request.
  Time since last request: 0.000021 seconds.
  path: Assets/Sunny Land Forest Assets/Artwork/Sprites/misc/hud/hud-2.png
  artifactKey: Guid(3c2eeae102fc54c208ca164fd14595be) Importer(-1,00000000000000000000000000000000)
Number of updated assets reloaded before import = 0
Start importing Assets/Sunny Land Forest Assets/Artwork/Sprites/misc/hud/hud-2.png using Guid(3c2eeae102fc54c208ca164fd14595be) Importer(-1,00000000000000000000000000000000)  -> (artifact id: 'b3e741936c033343cf9ff4a7415974d7') in 0.021639 seconds 
Number of asset objects unloaded after import = 0
========================================================================
Received Import Request.
  Time since last request: 0.000025 seconds.
  path: Assets/Sunny Land Forest Assets/Artwork/Sprites/player/player-duck/player-duck-4.png
  artifactKey: Guid(d2a7fb467a728470ca58765314fc0be7) Importer(-1,00000000000000000000000000000000)
Number of updated assets reloaded before import = 0
Start importing Assets/Sunny Land Forest Assets/Artwork/Sprites/player/player-duck/player-duck-4.png using Guid(d2a7fb467a728470ca58765314fc0be7) Importer(-1,00000000000000000000000000000000)  -> (artifact id: '2a4f4c262392a08a0c43b83ea2843f7f') in 0.022832 seconds 
Number of asset objects unloaded after import = 0
========================================================================
Received Import Request.
  Time since last request: 0.000022 seconds.
  path: Assets/Sunny Land Forest Assets/Artwork/Sprites/player/player-climb/player-climb-3.png
  artifactKey: Guid(67d3ed1014bf2471e83ef6a27bbaace8) Importer(-1,00000000000000000000000000000000)
Number of updated assets reloaded before import = 0
Start importing Assets/Sunny Land Forest Assets/Artwork/Sprites/player/player-climb/player-climb-3.png using Guid(67d3ed1014bf2471e83ef6a27bbaace8) Importer(-1,00000000000000000000000000000000)  -> (artifact id: '0b5d2e61c6cb4481a6f5a7026a4be644') in 0.022482 seconds 
Number of asset objects unloaded after import = 0
========================================================================
Received Import Request.
  Time since last request: 0.000026 seconds.
  path: Assets/Sunny Land Forest Assets/Artwork/Environment/environment-preview.png
  artifactKey: Guid(a19e9edb7c8f94be391773f155002823) Importer(-1,00000000000000000000000000000000)
Number of updated assets reloaded before import = 0
Start importing Assets/Sunny Land Forest Assets/Artwork/Environment/environment-preview.png using Guid(a19e9edb7c8f94be391773f155002823) Importer(-1,00000000000000000000000000000000)  -> (artifact id: '98d6d0c91ac313c6df0411f92b3cd1c6') in 0.059552 seconds 
Number of asset objects unloaded after import = 0
========================================================================
Received Import Request.
  Time since last request: 0.000025 seconds.
  path: Assets/Sunny Land Forest Assets/Artwork/Sprites/enemies/piranha-plant-attack/piranha-plant-attack-1.png
  artifactKey: Guid(cabcb1993aa69468187283fe2f1525e7) Importer(-1,00000000000000000000000000000000)
Number of updated assets reloaded before import = 0
Start importing Assets/Sunny Land Forest Assets/Artwork/Sprites/enemies/piranha-plant-attack/piranha-plant-attack-1.png using Guid(cabcb1993aa69468187283fe2f1525e7) Importer(-1,00000000000000000000000000000000)  -> (artifact id: 'b15269cab2ac064b6949c331e4f67a09') in 0.023125 seconds 
Number of asset objects unloaded after import = 0
========================================================================
Received Import Request.
  Time since last request: 0.000031 seconds.
  path: Assets/Sunny Land Forest Assets/Artwork/Environment/props/mushroom-red.png
  artifactKey: Guid(6c7eac1744b6b4e10b3f1c98b84d5dbb) Importer(-1,00000000000000000000000000000000)
Number of updated assets reloaded before import = 0
Start importing Assets/Sunny Land Forest Assets/Artwork/Environment/props/mushroom-red.png using Guid(6c7eac1744b6b4e10b3f1c98b84d5dbb) Importer(-1,00000000000000000000000000000000)  -> (artifact id: '1d08455ff204790708db807a54eae08e') in 0.042098 seconds 
Number of asset objects unloaded after import = 0
========================================================================
Received Import Request.
  Time since last request: 0.000032 seconds.
  path: Assets/Sunny Land Forest Assets/Artwork/Sprites/player/player-skip/player-skip-8.png
  artifactKey: Guid(52bb3ac48f24c46b8af08467dfeccd53) Importer(-1,00000000000000000000000000000000)
Number of updated assets reloaded before import = 0
Start importing Assets/Sunny Land Forest Assets/Artwork/Sprites/player/player-skip/player-skip-8.png using Guid(52bb3ac48f24c46b8af08467dfeccd53) Importer(-1,00000000000000000000000000000000)  -> (artifact id: '23a35a0aad3a9b5acac4cf7fe44d4b82') in 0.022862 seconds 
Number of asset objects unloaded after import = 0
========================================================================
Received Import Request.
  Time since last request: 0.000021 seconds.
  path: Assets/Sunny Land Forest Assets/Artwork/Sprites/player/player-climb/player-climb-4.png
  artifactKey: Guid(4935983a8e0e6463eb449187f7cdebb9) Importer(-1,00000000000000000000000000000000)
Number of updated assets reloaded before import = 0
Start importing Assets/Sunny Land Forest Assets/Artwork/Sprites/player/player-climb/player-climb-4.png using Guid(4935983a8e0e6463eb449187f7cdebb9) Importer(-1,00000000000000000000000000000000)  -> (artifact id: '13b789bb9f66321d85266f0a3e5a5e7d') in 0.022829 seconds 
Number of asset objects unloaded after import = 0
========================================================================
Received Import Request.
  Time since last request: 0.000026 seconds.
  path: Assets/Sunny Land Forest Assets/Artwork/Sprites/misc/chest/chest-1.png
  artifactKey: Guid(14a999e6bc2c34f368b03649dead9d94) Importer(-1,00000000000000000000000000000000)
Number of updated assets reloaded before import = 0
Start importing Assets/Sunny Land Forest Assets/Artwork/Sprites/misc/chest/chest-1.png using Guid(14a999e6bc2c34f368b03649dead9d94) Importer(-1,00000000000000000000000000000000)  -> (artifact id: 'fc91dd48093f28d4f71f918e9605c358') in 0.024478 seconds 
Number of asset objects unloaded after import = 0
========================================================================
Received Import Request.
  Time since last request: 0.000040 seconds.
  path: Assets/Sunny Land Forest Assets/Artwork/Sprites/enemies/piranha-plant/piranha-plant-5.png
  artifactKey: Guid(994bb188db7ed4f62bdf8f9a775117dd) Importer(-1,00000000000000000000000000000000)
Number of updated assets reloaded before import = 0
Start importing Assets/Sunny Land Forest Assets/Artwork/Sprites/enemies/piranha-plant/piranha-plant-5.png using Guid(994bb188db7ed4f62bdf8f9a775117dd) Importer(-1,00000000000000000000000000000000)  -> (artifact id: '0a81579c9facdd8051c7db746585bced') in 0.023995 seconds 
Number of asset objects unloaded after import = 0
========================================================================
Received Import Request.
  Time since last request: 0.000030 seconds.
  path: Assets/Sunny Land Forest Assets/Artwork/Sprites/misc/enemy-death/enemy-death-4.png
  artifactKey: Guid(574c662a4ce9c4320be1611ddbc2ed35) Importer(-1,00000000000000000000000000000000)
Number of updated assets reloaded before import = 0
Start importing Assets/Sunny Land Forest Assets/Artwork/Sprites/misc/enemy-death/enemy-death-4.png using Guid(574c662a4ce9c4320be1611ddbc2ed35) Importer(-1,00000000000000000000000000000000)  -> (artifact id: 'aca03ff6db655bfa21b340c3c2ab85a0') in 0.022920 seconds 
Number of asset objects unloaded after import = 0
========================================================================
Received Import Request.
  Time since last request: 0.000028 seconds.
  path: Assets/Sunny Land Forest Assets/Artwork/Sprites/misc/star/star-1.png
  artifactKey: Guid(8873b6448e7094ea9861c4adb3446863) Importer(-1,00000000000000000000000000000000)
Number of updated assets reloaded before import = 0
Start importing Assets/Sunny Land Forest Assets/Artwork/Sprites/misc/star/star-1.png using Guid(8873b6448e7094ea9861c4adb3446863) Importer(-1,00000000000000000000000000000000)  -> (artifact id: 'd3d00c4371edf07e79791e9d952ac95c') in 0.024404 seconds 
Number of asset objects unloaded after import = 0
========================================================================
Received Import Request.
  Time since last request: 0.000020 seconds.
  path: Assets/Sunny Land Forest Assets/Artwork/Sprites/player/player-fall/player-fall-1.png
  artifactKey: Guid(990d8498d4abe4acbbb55d79b2f830fd) Importer(-1,00000000000000000000000000000000)
Number of updated assets reloaded before import = 0
Start importing Assets/Sunny Land Forest Assets/Artwork/Sprites/player/player-fall/player-fall-1.png using Guid(990d8498d4abe4acbbb55d79b2f830fd) Importer(-1,00000000000000000000000000000000)  -> (artifact id: 'af3f86aaacb82519cc1caa46f4dc15a4') in 0.026004 seconds 
Number of asset objects unloaded after import = 0
========================================================================
Received Import Request.
  Time since last request: 0.000027 seconds.
  path: Assets/Sunny Land Forest Assets/Artwork/Sprites/player/player-idle/player-idle-4.png
  artifactKey: Guid(1b1491dd8c2cf4c53865ea93f0b1f176) Importer(-1,00000000000000000000000000000000)
Number of updated assets reloaded before import = 0
Start importing Assets/Sunny Land Forest Assets/Artwork/Sprites/player/player-idle/player-idle-4.png using Guid(1b1491dd8c2cf4c53865ea93f0b1f176) Importer(-1,00000000000000000000000000000000)  -> (artifact id: 'e8387e8e42363b2ed07ea5fdd8560f10') in 0.027580 seconds 
Number of asset objects unloaded after import = 0
========================================================================
Received Prepare
Begin MonoManager ReloadAssembly
Symbol file LoadedFromMemory doesn't match image C:\Users\Alumno.04WS-LAB202-29\Desktop\AppMovilesJAJT\ProgramacionAppMoviles\Project2AppMobile\Library\PackageCache\com.unity.visualscripting@1.7.8\Editor\VisualScripting.Core\Dependencies\YamlDotNet\Unity.VisualScripting.YamlDotNet.dll
Symbol file LoadedFromMemory doesn't match image C:\Users\Alumno.04WS-LAB202-29\Desktop\AppMovilesJAJT\ProgramacionAppMoviles\Project2AppMobile\Library\PackageCache\com.unity.visualscripting@1.7.8\Editor\VisualScripting.Core\Dependencies\DotNetZip\Unity.VisualScripting.IonicZip.dll
- Loaded All Assemblies, in  1.502 seconds
Refreshing native plugins compatible for Editor in 20.11 ms, found 4 plugins.
Native extension for WindowsStandalone target not found
Native extension for Android target not found
Mono: successfully reloaded assembly
[Package Manager] Server::EnsureServerProcessIsRunning -- launch failed, reason: Unity was launched with the -noUpm command-line argument
[Package Manager] UpmClient::Send -- Unable to send message (not connected to UPM process).
[Package Manager] Cannot connect to Unity Package Manager local server
- Finished resetting the current domain, in  1.633 seconds
Domain Reload Profiling:
	ReloadAssembly (354ms)
		BeginReloadAssembly (231ms)
			ExecutionOrderSort (0ms)
			DisableScriptedObjects (9ms)
			BackupInstance (0ms)
			ReleaseScriptingObjects (0ms)
			CreateAndSetChildDomain (59ms)
		LoadAllAssembliesAndSetupDomain (1132ms)
			LoadAssemblies (196ms)
			RebuildTransferFunctionScriptingTraits (0ms)
			SetupTypeCache (1016ms)
				TypeCache.Initialize (470ms)
					TypeCache.ScanAssembly (461ms)
				ResolveRequiredComponents (6ms)
		FinalizeReload (0ms)
			ReleaseScriptCaches (0ms)
			RebuildScriptCaches (0ms)
			SetupLoadedEditorAssemblies (594ms)
				LogAssemblyErrors (0ms)
				InitializePlatformSupportModulesInManaged (42ms)
				SetLoadedEditorAssemblies (10ms)
				RefreshPlugins (0ms)
				BeforeProcessingInitializeOnLoad (151ms)
				ProcessInitializeOnLoadAttributes (325ms)
				ProcessInitializeOnLoadMethodAttributes (46ms)
				AfterProcessingInitializeOnLoad (20ms)
				EditorAssembliesLoaded (0ms)
			ExecutionOrderSort2 (0ms)
			AwakeInstancesAfterBackupRestoration (13ms)
Refreshing native plugins compatible for Editor in 19.72 ms, found 4 plugins.
Preloading 0 native plugins for Editor in 0.00 ms.
Unloading 4493 Unused Serialized files (Serialized files now loaded: 0)
Unloading 46 unused Assets / (48.8 KB). Loaded Objects now: 4986.
Memory consumption went from 0.69 GB to 0.69 GB.
Total: 5.802000 ms (FindLiveObjects: 0.779800 ms CreateObjectMapping: 0.164900 ms MarkObjects: 4.765100 ms  DeleteObjects: 0.090600 ms)

AssetImportParameters requested are different than current active one (requested -> active):
  custom:container-demuxer-ogg: 62fdf1f143b41e24485cea50d1cbac27 -> 
  custom:video-decoder-ogg-theora: a1e56fd34408186e4bbccfd4996cb3dc -> 
  custom:framework-win-MediaFoundation: 216162199b28c13a410421893ffa2e32 -> 
  custom:container-demuxer-webm: 4f35f7cbe854078d1ac9338744f61a02 -> 
  custom:container-muxer-webm: aa71ff27fc2769a1b78a27578f13a17b -> 
  custom:video-decoder-webm-vp8: 9c59270c3fd7afecdb556c50c9e8de78 -> 
  custom:AudioImporter_EditorPlatform: d09bf68614088b80899f8185d706f6e7 -> 
  custom:video-encoder-webm-vp8: eb34c28f22e8b96e1ab97ce403110664 -> 
  custom:audio-decoder-ogg-vorbis: bf7c407c2cedff20999df2af8eb42d56 -> 
  custom:audio-encoder-webm-vorbis: bf7c407c2cedff20999df2af8eb42d56 -> 
Editor requested this worker to shutdown with reason: Scaling down because of idle timeout
TcpMessagingSession - receive error: operation aborted. errorcode: 995, details: La operación de E/S se anuló por una salida de subproceso o por una solicitud de aplicación.
AssetImportWorker is now disconnected from the server
Process exiting
Exiting without the bug reporter. Application will terminate with return code 0