Using pre-set license
Built from '2022.2/release' branch; Version is '2022.2.1f1 (4fead5835099) revision 5237461'; Using compiler version '192829333'; Build Type 'Release'
OS: 'Windows 10  (10.0.19045) 64bit Professional' Language: 'es' Physical Memory: 16317 MB
BatchMode: 1, IsHumanControllingUs: 0, StartBugReporterOnCrash: 0, Is64bit: 1, IsPro: 1

COMMAND LINE ARGUMENTS:
C:\Program Files\Unity\Hub\Editor\2022.2.1f1\Editor\Unity.exe
-adb2
-batchMode
-noUpm
-name
AssetImportWorker7
-projectPath
C:/Users/Alumno.04WS-LAB202-29/Desktop/AppMovilesJAJT/ProgramacionAppMoviles/Project2AppMobile
-logFile
Logs/AssetImportWorker7.log
-srvPort
64651
Successfully changed project path to: C:/Users/Alumno.04WS-LAB202-29/Desktop/AppMovilesJAJT/ProgramacionAppMoviles/Project2AppMobile
C:/Users/Alumno.04WS-LAB202-29/Desktop/AppMovilesJAJT/ProgramacionAppMoviles/Project2AppMobile
[UnityMemory] Configuration Parameters - Can be set up in boot.config
    "memorysetup-bucket-allocator-granularity=16"
    "memorysetup-bucket-allocator-bucket-count=8"
    "memorysetup-bucket-allocator-block-size=33554432"
    "memorysetup-bucket-allocator-block-count=8"
    "memorysetup-main-allocator-block-size=16777216"
    "memorysetup-thread-allocator-block-size=16777216"
    "memorysetup-gfx-main-allocator-block-size=16777216"
    "memorysetup-gfx-thread-allocator-block-size=16777216"
    "memorysetup-cache-allocator-block-size=4194304"
    "memorysetup-typetree-allocator-block-size=2097152"
    "memorysetup-profiler-bucket-allocator-granularity=16"
    "memorysetup-profiler-bucket-allocator-bucket-count=8"
    "memorysetup-profiler-bucket-allocator-block-size=33554432"
    "memorysetup-profiler-bucket-allocator-block-count=8"
    "memorysetup-profiler-allocator-block-size=16777216"
    "memorysetup-profiler-editor-allocator-block-size=1048576"
    "memorysetup-temp-allocator-size-main=16777216"
    "memorysetup-job-temp-allocator-block-size=2097152"
    "memorysetup-job-temp-allocator-block-size-background=1048576"
    "memorysetup-job-temp-allocator-reduction-small-platforms=262144"
    "memorysetup-temp-allocator-size-background-worker=32768"
    "memorysetup-temp-allocator-size-job-worker=262144"
    "memorysetup-temp-allocator-size-preload-manager=33554432"
    "memorysetup-temp-allocator-size-nav-mesh-worker=65536"
    "memorysetup-temp-allocator-size-audio-worker=65536"
    "memorysetup-temp-allocator-size-cloud-worker=32768"
    "memorysetup-temp-allocator-size-gi-baking-worker=262144"
    "memorysetup-temp-allocator-size-gfx=262144"
Player connection [3924] Host "[IP] 172.61.7.102 [Port] 0 [Flags] 2 [Guid] 776655202 [EditorId] 776655202 [Version] 1048832 [Id] WindowsEditor(7,04WS-LAB202-29) [Debug] 1 [PackageName] WindowsEditor [ProjectName] Editor" joined multi-casting on [225.0.0.222:54997]...

Player connection [3924] Host "[IP] 172.61.7.102 [Port] 0 [Flags] 2 [Guid] 776655202 [EditorId] 776655202 [Version] 1048832 [Id] WindowsEditor(7,04WS-LAB202-29) [Debug] 1 [PackageName] WindowsEditor [ProjectName] Editor" joined alternative multi-casting on [225.0.0.222:34997]...

Refreshing native plugins compatible for Editor in 39.60 ms, found 4 plugins.
Preloading 0 native plugins for Editor in 0.00 ms.
Initialize engine version: 2022.2.1f1 (4fead5835099)
[Subsystems] Discovering subsystems at path C:/Program Files/Unity/Hub/Editor/2022.2.1f1/Editor/Data/Resources/UnitySubsystems
[Subsystems] Discovering subsystems at path C:/Users/Alumno.04WS-LAB202-29/Desktop/AppMovilesJAJT/ProgramacionAppMoviles/Project2AppMobile/Assets
GfxDevice: creating device client; threaded=0; jobified=0
Direct3D:
    Version:  Direct3D 11.0 [level 11.1]
    Renderer: AMD Radeon R7 430 (ID=0x6611)
    Vendor:   ATI
    VRAM:     2028 MB
    Driver:   27.20.20908.4000
Initialize mono
Mono path[0] = 'C:/Program Files/Unity/Hub/Editor/2022.2.1f1/Editor/Data/Managed'
Mono path[1] = 'C:/Program Files/Unity/Hub/Editor/2022.2.1f1/Editor/Data/MonoBleedingEdge/lib/mono/unityjit-win32'
Mono config path = 'C:/Program Files/Unity/Hub/Editor/2022.2.1f1/Editor/Data/MonoBleedingEdge/etc'
Using monoOptions --debugger-agent=transport=dt_socket,embedding=1,server=y,suspend=n,address=127.0.0.1:56228
Begin MonoManager ReloadAssembly
Registering precompiled unity dll's ...
Register platform support module: C:/Program Files/Unity/Hub/Editor/2022.2.1f1/Editor/Data/PlaybackEngines/AndroidPlayer/UnityEditor.Android.Extensions.dll
Register platform support module: C:/Program Files/Unity/Hub/Editor/2022.2.1f1/Editor/Data/PlaybackEngines/WindowsStandaloneSupport/UnityEditor.WindowsStandalone.Extensions.dll
Registered in 0.019963 seconds.
- Loaded All Assemblies, in  0.532 seconds
Native extension for WindowsStandalone target not found
Native extension for Android target not found
Unauthorized device detected, Id: ZY22CK425T, please add debug authorization and reconnect.
0x00007ff661e8a1cd (Unity) StackWalker::GetCurrentCallstack
0x00007ff661e8f179 (Unity) StackWalker::ShowCallstack
0x00007ff662e58061 (Unity) GetStacktrace
0x00007ff6635137b2 (Unity) DebugStringToFile
0x00007ff660e24ac6 (Unity) DebugLogHandler_CUSTOM_Internal_Log
0x00000143648e0943 (Mono JIT Code) (wrapper managed-to-native) UnityEngine.DebugLogHandler:Internal_Log (UnityEngine.LogType,UnityEngine.LogOption,string,UnityEngine.Object)
0x00000143648e061b (Mono JIT Code) UnityEngine.DebugLogHandler:LogFormat (UnityEngine.LogType,UnityEngine.Object,string,object[])
0x00000143648e04e1 (Mono JIT Code) UnityEngine.Logger:LogFormat (UnityEngine.LogType,string,object[])
0x00000143648e0213 (Mono JIT Code) UnityEngine.Debug:LogFormat (string,object[])
0x00000143646c082b (Mono JIT Code) UnityEditor.Android.AndroidDeploymentTargetsExtension:GetKnownTargets (UnityEditor.DeploymentTargets.IDeploymentTargetsMainThreadContext,UnityEditor.ProgressHandler)
0x00000143646beb74 (Mono JIT Code) UnityEditor.Android.TargetScanWorker:ScanSync ()
0x000001436468a843 (Mono JIT Code) UnityEditor.Android.TargetExtension:OnUsbDevicesChanged (UnityEditor.Hardware.UsbDevice[])
0x0000014364682eb3 (Mono JIT Code) UnityEditor.Android.TargetExtension:OnLoad ()
0x000001436315c1be (Mono JIT Code) UnityEditor.Modules.ModuleManager:InitializePlatformSupportModules ()
0x0000014362141305 (Mono JIT Code) (wrapper runtime-invoke) object:runtime_invoke_void (object,intptr,intptr,intptr)
0x00007ffdf6e80394 (mono-2.0-bdwgc) mono_jit_runtime_invoke (at C:/build/output/Unity-Technologies/mono/mono/mini/mini-runtime.c:3445)
0x00007ffdf6dbeb44 (mono-2.0-bdwgc) do_runtime_invoke (at C:/build/output/Unity-Technologies/mono/mono/metadata/object.c:3066)
0x00007ffdf6dbecdc (mono-2.0-bdwgc) mono_runtime_invoke (at C:/build/output/Unity-Technologies/mono/mono/metadata/object.c:3113)
0x00007ff661db2174 (Unity) scripting_method_invoke
0x00007ff661d92b24 (Unity) ScriptingInvocation::Invoke
0x00007ff661d8d785 (Unity) ScriptingInvocation::Invoke<void>
0x00007ff661eca2ab (Unity) Scripting::UnityEditor::Modules::ModuleManagerProxy::InitializePlatformSupportModules
0x00007ff661d8740f (Unity) MonoManager::SetupLoadedEditorAssemblies
0x00007ff661d7d5e1 (Unity) MonoManager::FinalizeReload
0x00007ff661d8207d (Unity) MonoManager::LoadAllAssembliesAndSetupDomain
0x00007ff661d84be7 (Unity) MonoManager::ReloadAssembly
0x00007ff662d019ee (Unity) LoadUnityMonoAssemblies
0x00007ff6629cab13 (Unity) Application::InitializeProject
0x00007ff662e61cb5 (Unity) WinMain
0x00007ff66422752e (Unity) __scrt_common_main_seh
0x00007ffe879f7614 (KERNEL32) BaseThreadInitThunk
0x00007ffe886426a1 (ntdll) RtlUserThreadStart

Android Extension - Scanning For ADB Devices 527 ms
Mono: successfully reloaded assembly
- Finished resetting the current domain, in  0.877 seconds
Domain Reload Profiling:
	ReloadAssembly (327ms)
		BeginReloadAssembly (134ms)
			ExecutionOrderSort (0ms)
			DisableScriptedObjects (0ms)
			BackupInstance (0ms)
			ReleaseScriptingObjects (0ms)
			CreateAndSetChildDomain (1ms)
		LoadAllAssembliesAndSetupDomain (0ms)
			LoadAssemblies (130ms)
			RebuildTransferFunctionScriptingTraits (0ms)
			SetupTypeCache (188ms)
				TypeCache.Initialize (187ms)
					TypeCache.ScanAssembly (185ms)
				ResolveRequiredComponents (1ms)
		FinalizeReload (0ms)
			ReleaseScriptCaches (0ms)
			RebuildScriptCaches (0ms)
			SetupLoadedEditorAssemblies (807ms)
				LogAssemblyErrors (0ms)
				InitializePlatformSupportModulesInManaged (630ms)
				SetLoadedEditorAssemblies (7ms)
				RefreshPlugins (0ms)
				BeforeProcessingInitializeOnLoad (2ms)
				ProcessInitializeOnLoadAttributes (117ms)
				ProcessInitializeOnLoadMethodAttributes (52ms)
				AfterProcessingInitializeOnLoad (0ms)
				EditorAssembliesLoaded (0ms)
			ExecutionOrderSort2 (0ms)
			AwakeInstancesAfterBackupRestoration (0ms)
========================================================================
Worker process is ready to serve import requests
Begin MonoManager ReloadAssembly
Symbol file LoadedFromMemory doesn't match image C:\Users\Alumno.04WS-LAB202-29\Desktop\AppMovilesJAJT\ProgramacionAppMoviles\Project2AppMobile\Library\PackageCache\com.unity.visualscripting@1.7.8\Editor\VisualScripting.Core\Dependencies\YamlDotNet\Unity.VisualScripting.YamlDotNet.dll
Symbol file LoadedFromMemory doesn't match image C:\Users\Alumno.04WS-LAB202-29\Desktop\AppMovilesJAJT\ProgramacionAppMoviles\Project2AppMobile\Library\PackageCache\com.unity.visualscripting@1.7.8\Editor\VisualScripting.Core\Dependencies\DotNetZip\Unity.VisualScripting.IonicZip.dll
- Loaded All Assemblies, in  1.061 seconds
Refreshing native plugins compatible for Editor in 17.66 ms, found 4 plugins.
Native extension for WindowsStandalone target not found
Native extension for Android target not found
Mono: successfully reloaded assembly
Package Manager log level set to [2]
[Package Manager] Server::EnsureServerProcessIsRunning -- launch failed, reason: Unity was launched with the -noUpm command-line argument
[Package Manager] UpmClient::Send -- Unable to send message (not connected to UPM process).
[Package Manager] Cannot connect to Unity Package Manager local server
[Package Manager] Server::EnsureServerProcessIsRunning -- launch failed, reason: Unity was launched with the -noUpm command-line argument
[Package Manager] UpmClient::Send -- Unable to send message (not connected to UPM process).
[Package Manager] Cannot connect to Unity Package Manager local server
- Finished resetting the current domain, in  0.825 seconds
Domain Reload Profiling:
	ReloadAssembly (285ms)
		BeginReloadAssembly (152ms)
			ExecutionOrderSort (0ms)
			DisableScriptedObjects (7ms)
			BackupInstance (0ms)
			ReleaseScriptingObjects (0ms)
			CreateAndSetChildDomain (27ms)
		LoadAllAssembliesAndSetupDomain (766ms)
			LoadAssemblies (142ms)
			RebuildTransferFunctionScriptingTraits (0ms)
			SetupTypeCache (684ms)
				TypeCache.Initialize (345ms)
					TypeCache.ScanAssembly (340ms)
				ResolveRequiredComponents (6ms)
		FinalizeReload (0ms)
			ReleaseScriptCaches (0ms)
			RebuildScriptCaches (0ms)
			SetupLoadedEditorAssemblies (610ms)
				LogAssemblyErrors (0ms)
				InitializePlatformSupportModulesInManaged (29ms)
				SetLoadedEditorAssemblies (8ms)
				RefreshPlugins (0ms)
				BeforeProcessingInitializeOnLoad (139ms)
				ProcessInitializeOnLoadAttributes (363ms)
				ProcessInitializeOnLoadMethodAttributes (54ms)
				AfterProcessingInitializeOnLoad (18ms)
				EditorAssembliesLoaded (0ms)
			ExecutionOrderSort2 (0ms)
			AwakeInstancesAfterBackupRestoration (8ms)
Launched and connected shader compiler UnityShaderCompiler.exe after 0.08 seconds
Refreshing native plugins compatible for Editor in 18.07 ms, found 4 plugins.
Preloading 0 native plugins for Editor in 0.00 ms.
Unloading 4517 Unused Serialized files (Serialized files now loaded: 0)
Unloading 57 unused Assets / (82.2 KB). Loaded Objects now: 4960.
Memory consumption went from 0.67 GB to 0.67 GB.
Total: 5.304900 ms (FindLiveObjects: 0.536400 ms CreateObjectMapping: 0.141000 ms MarkObjects: 4.454700 ms  DeleteObjects: 0.171300 ms)

AssetImportParameters requested are different than current active one (requested -> active):
  custom:container-demuxer-ogg: 62fdf1f143b41e24485cea50d1cbac27 -> 
  custom:video-decoder-ogg-theora: a1e56fd34408186e4bbccfd4996cb3dc -> 
  custom:framework-win-MediaFoundation: 216162199b28c13a410421893ffa2e32 -> 
  custom:container-demuxer-webm: 4f35f7cbe854078d1ac9338744f61a02 -> 
  custom:container-muxer-webm: aa71ff27fc2769a1b78a27578f13a17b -> 
  custom:video-decoder-webm-vp8: 9c59270c3fd7afecdb556c50c9e8de78 -> 
  custom:AudioImporter_EditorPlatform: d09bf68614088b80899f8185d706f6e7 -> 
  custom:video-encoder-webm-vp8: eb34c28f22e8b96e1ab97ce403110664 -> 
  custom:audio-decoder-ogg-vorbis: bf7c407c2cedff20999df2af8eb42d56 -> 
  custom:audio-encoder-webm-vorbis: bf7c407c2cedff20999df2af8eb42d56 -> 
========================================================================
Received Import Request.
  Time since last request: 426480.855079 seconds.
  path: Assets/Plataforms/Sunny Land Forest Assets/Artwork/Sprites/player/player-climb/player-climb-2.png
  artifactKey: Guid(d4ce6b0f74e064222bf69c44d9ad8c37) Importer(815301076,1909f56bfc062723c751e8b465ee728b)
Number of updated assets reloaded before import = 0
Start importing Assets/Plataforms/Sunny Land Forest Assets/Artwork/Sprites/player/player-climb/player-climb-2.png using Guid(d4ce6b0f74e064222bf69c44d9ad8c37) Importer(815301076,1909f56bfc062723c751e8b465ee728b)  -> (artifact id: 'f8d02e5abb65b1e4181b181f3333726f') in 0.141767 seconds 
Number of asset objects unloaded after import = 3
========================================================================
Received Import Request.
  Time since last request: 352.498023 seconds.
  path: Assets/Plataforms/Sunny Land Forest Assets/Artwork/Sprites/misc/carrot/carrot-2.png
  artifactKey: Guid(fff8d782ab2594fddba3dc9bc8c2db01) Importer(815301076,1909f56bfc062723c751e8b465ee728b)
Number of updated assets reloaded before import = 0
Start importing Assets/Plataforms/Sunny Land Forest Assets/Artwork/Sprites/misc/carrot/carrot-2.png using Guid(fff8d782ab2594fddba3dc9bc8c2db01) Importer(815301076,1909f56bfc062723c751e8b465ee728b)  -> (artifact id: '94e241903477cea1498d6f5dedd0190a') in 0.028396 seconds 
Number of asset objects unloaded after import = 3
========================================================================
Received Import Request.
  Time since last request: 0.000029 seconds.
  path: Assets/Plataforms/Sunny Land Forest Assets/Artwork/Sprites/misc/carrot/carrot-4.png
  artifactKey: Guid(64f86a54aedf140e9b24babbac319617) Importer(815301076,1909f56bfc062723c751e8b465ee728b)
Number of updated assets reloaded before import = 0
Start importing Assets/Plataforms/Sunny Land Forest Assets/Artwork/Sprites/misc/carrot/carrot-4.png using Guid(64f86a54aedf140e9b24babbac319617) Importer(815301076,1909f56bfc062723c751e8b465ee728b)  -> (artifact id: '4d1a16b669b9edfde0b27b3644ef89c2') in 0.033109 seconds 
Number of asset objects unloaded after import = 3
========================================================================
Received Import Request.
  Time since last request: 286.826775 seconds.
  path: Assets/Plataforms/Sunny Land Forest Assets/Artwork/Environment/tileset.png
  artifactKey: Guid(2eeb0d4e8888f48459040781a511455e) Importer(-1,00000000000000000000000000000000)
Number of updated assets reloaded before import = 0
Start importing Assets/Plataforms/Sunny Land Forest Assets/Artwork/Environment/tileset.png using Guid(2eeb0d4e8888f48459040781a511455e) Importer(-1,00000000000000000000000000000000)  -> (artifact id: '45ea7b7fcae54320474987170e3b2fbc') in 0.124387 seconds 
Number of asset objects unloaded after import = 0
========================================================================
Received Import Request.
  Time since last request: 0.000043 seconds.
  path: Assets/Plataforms/Mountain Dusk Artwork/Mountain Dusk/parallax-mountain-trees.png
  artifactKey: Guid(fc3e44d61eb0a4d23a4a8ba0f7e28b5a) Importer(-1,00000000000000000000000000000000)
Number of updated assets reloaded before import = 0
Start importing Assets/Plataforms/Mountain Dusk Artwork/Mountain Dusk/parallax-mountain-trees.png using Guid(fc3e44d61eb0a4d23a4a8ba0f7e28b5a) Importer(-1,00000000000000000000000000000000)  -> (artifact id: '17f07b0da481bdd3ea22779a68190a44') in 0.032505 seconds 
Number of asset objects unloaded after import = 0
========================================================================
Received Import Request.
  Time since last request: 0.000029 seconds.
  path: Assets/Plataforms/Mountain Dusk Artwork/Super Mountain Dusk/far-clouds.png
  artifactKey: Guid(cf158f27c6916734ca4967518c2a7214) Importer(-1,00000000000000000000000000000000)
Number of updated assets reloaded before import = 0
Start importing Assets/Plataforms/Mountain Dusk Artwork/Super Mountain Dusk/far-clouds.png using Guid(cf158f27c6916734ca4967518c2a7214) Importer(-1,00000000000000000000000000000000)  -> (artifact id: 'fbc3d0b04c2323522803beaa2bd4684a') in 0.022467 seconds 
Number of asset objects unloaded after import = 0
========================================================================
Received Import Request.
  Time since last request: 0.000030 seconds.
  path: Assets/Plataforms/Mountain Dusk Artwork/Super Mountain Dusk/trees.png
  artifactKey: Guid(c0197971d9289f641acd7b6fcc43daf6) Importer(-1,00000000000000000000000000000000)
Number of updated assets reloaded before import = 0
Start importing Assets/Plataforms/Mountain Dusk Artwork/Super Mountain Dusk/trees.png using Guid(c0197971d9289f641acd7b6fcc43daf6) Importer(-1,00000000000000000000000000000000)  -> (artifact id: 'af81b125ed1d5773437d70b02c84f209') in 0.031114 seconds 
Number of asset objects unloaded after import = 0
========================================================================
Received Import Request.
  Time since last request: 0.000050 seconds.
  path: Assets/Plataforms/Mountain Dusk Artwork/Super Mountain Dusk/far-mountains.png
  artifactKey: Guid(9804d6fbb5ed8ec4ebae3126de261bdd) Importer(-1,00000000000000000000000000000000)
Number of updated assets reloaded before import = 0
Start importing Assets/Plataforms/Mountain Dusk Artwork/Super Mountain Dusk/far-mountains.png using Guid(9804d6fbb5ed8ec4ebae3126de261bdd) Importer(-1,00000000000000000000000000000000)  -> (artifact id: '227c71d7267ebbbaf878e8b9c5df3020') in 0.022914 seconds 
Number of asset objects unloaded after import = 0
========================================================================
Received Prepare
Begin MonoManager ReloadAssembly
Symbol file LoadedFromMemory doesn't match image C:\Users\Alumno.04WS-LAB202-29\Desktop\AppMovilesJAJT\ProgramacionAppMoviles\Project2AppMobile\Library\PackageCache\com.unity.visualscripting@1.7.8\Editor\VisualScripting.Core\Dependencies\YamlDotNet\Unity.VisualScripting.YamlDotNet.dll
Symbol file LoadedFromMemory doesn't match image C:\Users\Alumno.04WS-LAB202-29\Desktop\AppMovilesJAJT\ProgramacionAppMoviles\Project2AppMobile\Library\PackageCache\com.unity.visualscripting@1.7.8\Editor\VisualScripting.Core\Dependencies\DotNetZip\Unity.VisualScripting.IonicZip.dll
- Loaded All Assemblies, in  1.462 seconds
Refreshing native plugins compatible for Editor in 19.14 ms, found 4 plugins.
Native extension for WindowsStandalone target not found
Native extension for Android target not found
Mono: successfully reloaded assembly
[Package Manager] Server::EnsureServerProcessIsRunning -- launch failed, reason: Unity was launched with the -noUpm command-line argument
[Package Manager] UpmClient::Send -- Unable to send message (not connected to UPM process).
[Package Manager] Cannot connect to Unity Package Manager local server
- Finished resetting the current domain, in  1.916 seconds
Domain Reload Profiling:
	ReloadAssembly (387ms)
		BeginReloadAssembly (219ms)
			ExecutionOrderSort (0ms)
			DisableScriptedObjects (10ms)
			BackupInstance (0ms)
			ReleaseScriptingObjects (0ms)
			CreateAndSetChildDomain (60ms)
		LoadAllAssembliesAndSetupDomain (1053ms)
			LoadAssemblies (177ms)
			RebuildTransferFunctionScriptingTraits (0ms)
			SetupTypeCache (957ms)
				TypeCache.Initialize (417ms)
					TypeCache.ScanAssembly (405ms)
				ResolveRequiredComponents (6ms)
		FinalizeReload (0ms)
			ReleaseScriptCaches (0ms)
			RebuildScriptCaches (0ms)
			SetupLoadedEditorAssemblies (789ms)
				LogAssemblyErrors (0ms)
				InitializePlatformSupportModulesInManaged (54ms)
				SetLoadedEditorAssemblies (11ms)
				RefreshPlugins (0ms)
				BeforeProcessingInitializeOnLoad (183ms)
				ProcessInitializeOnLoadAttributes (461ms)
				ProcessInitializeOnLoadMethodAttributes (59ms)
				AfterProcessingInitializeOnLoad (21ms)
				EditorAssembliesLoaded (0ms)
			ExecutionOrderSort2 (0ms)
			AwakeInstancesAfterBackupRestoration (12ms)
Refreshing native plugins compatible for Editor in 22.36 ms, found 4 plugins.
Preloading 0 native plugins for Editor in 0.00 ms.
Unloading 4493 Unused Serialized files (Serialized files now loaded: 0)
Unloading 46 unused Assets / (48.7 KB). Loaded Objects now: 4988.
Memory consumption went from 0.69 GB to 0.69 GB.
Total: 7.488300 ms (FindLiveObjects: 0.627900 ms CreateObjectMapping: 0.200500 ms MarkObjects: 6.513400 ms  DeleteObjects: 0.145000 ms)

AssetImportParameters requested are different than current active one (requested -> active):
  custom:container-demuxer-ogg: 62fdf1f143b41e24485cea50d1cbac27 -> 
  custom:video-decoder-ogg-theora: a1e56fd34408186e4bbccfd4996cb3dc -> 
  custom:framework-win-MediaFoundation: 216162199b28c13a410421893ffa2e32 -> 
  custom:container-demuxer-webm: 4f35f7cbe854078d1ac9338744f61a02 -> 
  custom:container-muxer-webm: aa71ff27fc2769a1b78a27578f13a17b -> 
  custom:video-decoder-webm-vp8: 9c59270c3fd7afecdb556c50c9e8de78 -> 
  custom:AudioImporter_EditorPlatform: d09bf68614088b80899f8185d706f6e7 -> 
  custom:video-encoder-webm-vp8: eb34c28f22e8b96e1ab97ce403110664 -> 
  custom:audio-decoder-ogg-vorbis: bf7c407c2cedff20999df2af8eb42d56 -> 
  custom:audio-encoder-webm-vorbis: bf7c407c2cedff20999df2af8eb42d56 -> 
Editor requested this worker to shutdown with reason: Scaling down because of idle timeout
TcpMessagingSession - receive error: operation aborted. errorcode: 995, details: La operación de E/S se anuló por una salida de subproceso o por una solicitud de aplicación.
AssetImportWorker is now disconnected from the server
Process exiting
Exiting without the bug reporter. Application will terminate with return code 0