Using pre-set license
Built from '2021.3/staging' branch; Version is '2021.3.8f1 (b30333d56e81) revision 11731763'; Using compiler version '192829333'; Build Type 'Release'
OS: 'Windows 11  (10.0.22000) 64bit CoreSingleLanguage' Language: 'es' Physical Memory: 16201 MB
BatchMode: 1, IsHumanControllingUs: 0, StartBugReporterOnCrash: 0, Is64bit: 1, IsPro: 1

COMMAND LINE ARGUMENTS:
D:\Unity\2021.3.8f1\Editor\Unity.exe
-adb2
-batchMode
-noUpm
-name
AssetImportWorker3
-projectPath
D:/Unity/unityProjects/Museografia/Museografia
-logFile
Logs/AssetImportWorker3.log
-srvPort
63502
Successfully changed project path to: D:/Unity/unityProjects/Museografia/Museografia
D:/Unity/unityProjects/Museografia/Museografia
[UnityMemory] Configuration Parameters - Can be set up in boot.config
    "memorysetup-bucket-allocator-granularity=16"
    "memorysetup-bucket-allocator-bucket-count=8"
    "memorysetup-bucket-allocator-block-size=33554432"
    "memorysetup-bucket-allocator-block-count=8"
    "memorysetup-main-allocator-block-size=16777216"
    "memorysetup-thread-allocator-block-size=16777216"
    "memorysetup-gfx-main-allocator-block-size=16777216"
    "memorysetup-gfx-thread-allocator-block-size=16777216"
    "memorysetup-cache-allocator-block-size=4194304"
    "memorysetup-typetree-allocator-block-size=2097152"
    "memorysetup-profiler-bucket-allocator-granularity=16"
    "memorysetup-profiler-bucket-allocator-bucket-count=8"
    "memorysetup-profiler-bucket-allocator-block-size=33554432"
    "memorysetup-profiler-bucket-allocator-block-count=8"
    "memorysetup-profiler-allocator-block-size=16777216"
    "memorysetup-profiler-editor-allocator-block-size=1048576"
    "memorysetup-temp-allocator-size-main=16777216"
    "memorysetup-job-temp-allocator-block-size=2097152"
    "memorysetup-job-temp-allocator-block-size-background=1048576"
    "memorysetup-job-temp-allocator-reduction-small-platforms=262144"
    "memorysetup-temp-allocator-size-background-worker=32768"
    "memorysetup-temp-allocator-size-job-worker=262144"
    "memorysetup-temp-allocator-size-preload-manager=33554432"
    "memorysetup-temp-allocator-size-nav-mesh-worker=65536"
    "memorysetup-temp-allocator-size-audio-worker=65536"
    "memorysetup-temp-allocator-size-cloud-worker=32768"
    "memorysetup-temp-allocator-size-gi-baking-worker=262144"
    "memorysetup-temp-allocator-size-gfx=262144"
Refreshing native plugins compatible for Editor in 107.96 ms, found 3 plugins.
Preloading 0 native plugins for Editor in 0.00 ms.
Initialize engine version: 2021.3.8f1 (b30333d56e81)
[Subsystems] Discovering subsystems at path D:/Unity/2021.3.8f1/Editor/Data/Resources/UnitySubsystems
[Subsystems] Discovering subsystems at path D:/Unity/unityProjects/Museografia/Museografia/Assets
GfxDevice: creating device client; threaded=0; jobified=0
Direct3D:
    Version:  Direct3D 11.0 [level 11.1]
    Renderer: NVIDIA GeForce GTX 1650 (ID=0x1f91)
    Vendor:   NVIDIA
    VRAM:     3962 MB
    Driver:   31.0.15.1700
Initialize mono
Mono path[0] = 'D:/Unity/2021.3.8f1/Editor/Data/Managed'
Mono path[1] = 'D:/Unity/2021.3.8f1/Editor/Data/MonoBleedingEdge/lib/mono/unityjit-win32'
Mono config path = 'D:/Unity/2021.3.8f1/Editor/Data/MonoBleedingEdge/etc'
Using monoOptions --debugger-agent=transport=dt_socket,embedding=1,server=y,suspend=n,address=127.0.0.1:56720
Begin MonoManager ReloadAssembly
Registering precompiled unity dll's ...
Register platform support module: D:/Unity/2021.3.8f1/Editor/Data/PlaybackEngines/WindowsStandaloneSupport/UnityEditor.WindowsStandalone.Extensions.dll
Register platform support module: D:/Unity/2021.3.8f1/Editor/Data/PlaybackEngines/MetroSupport/UnityEditor.UWP.Extensions.dll
Registered in 0.002171 seconds.
Native extension for UWP target not found
Native extension for WindowsStandalone target not found
Refreshing native plugins compatible for Editor in 85.21 ms, found 3 plugins.
Preloading 0 native plugins for Editor in 0.00 ms.
Mono: successfully reloaded assembly
- Completed reload, in  0.635 seconds
Domain Reload Profiling:
	ReloadAssembly (635ms)
		BeginReloadAssembly (69ms)
			ExecutionOrderSort (0ms)
			DisableScriptedObjects (0ms)
			BackupInstance (0ms)
			ReleaseScriptingObjects (0ms)
			CreateAndSetChildDomain (1ms)
		EndReloadAssembly (461ms)
			LoadAssemblies (69ms)
			RebuildTransferFunctionScriptingTraits (0ms)
			SetupTypeCache (104ms)
			ReleaseScriptCaches (0ms)
			RebuildScriptCaches (30ms)
			SetupLoadedEditorAssemblies (280ms)
				LogAssemblyErrors (0ms)
				InitializePlatformSupportModulesInManaged (7ms)
				SetLoadedEditorAssemblies (0ms)
				RefreshPlugins (85ms)
				BeforeProcessingInitializeOnLoad (1ms)
				ProcessInitializeOnLoadAttributes (142ms)
				ProcessInitializeOnLoadMethodAttributes (44ms)
				AfterProcessingInitializeOnLoad (0ms)
				EditorAssembliesLoaded (0ms)
			ExecutionOrderSort2 (0ms)
			AwakeInstancesAfterBackupRestoration (0ms)
Platform modules already initialized, skipping
Registering precompiled user dll's ...
Registered in 0.004313 seconds.
Begin MonoManager ReloadAssembly
Symbol file LoadedFromMemory doesn't match image D:\Unity\unityProjects\Museografia\Museografia\Library\PackageCache\com.unity.visualscripting@1.7.8\Editor\VisualScripting.Core\Dependencies\YamlDotNet\Unity.VisualScripting.YamlDotNet.dll
Symbol file LoadedFromMemory doesn't match image D:\Unity\unityProjects\Museografia\Museografia\Library\PackageCache\com.unity.visualscripting@1.7.8\Editor\VisualScripting.Core\Dependencies\DotNetZip\Unity.VisualScripting.IonicZip.dll
Native extension for UWP target not found
Native extension for WindowsStandalone target not found
Refreshing native plugins compatible for Editor in 0.55 ms, found 3 plugins.
Preloading 0 native plugins for Editor in 0.00 ms.
Mono: successfully reloaded assembly
- Completed reload, in  1.043 seconds
Domain Reload Profiling:
	ReloadAssembly (1044ms)
		BeginReloadAssembly (114ms)
			ExecutionOrderSort (0ms)
			DisableScriptedObjects (7ms)
			BackupInstance (0ms)
			ReleaseScriptingObjects (0ms)
			CreateAndSetChildDomain (21ms)
		EndReloadAssembly (803ms)
			LoadAssemblies (81ms)
			RebuildTransferFunctionScriptingTraits (0ms)
			SetupTypeCache (273ms)
			ReleaseScriptCaches (1ms)
			RebuildScriptCaches (52ms)
			SetupLoadedEditorAssemblies (366ms)
				LogAssemblyErrors (0ms)
				InitializePlatformSupportModulesInManaged (5ms)
				SetLoadedEditorAssemblies (0ms)
				RefreshPlugins (1ms)
				BeforeProcessingInitializeOnLoad (82ms)
				ProcessInitializeOnLoadAttributes (245ms)
				ProcessInitializeOnLoadMethodAttributes (32ms)
				AfterProcessingInitializeOnLoad (2ms)
				EditorAssembliesLoaded (0ms)
			ExecutionOrderSort2 (0ms)
			AwakeInstancesAfterBackupRestoration (6ms)
Platform modules already initialized, skipping
========================================================================
Worker process is ready to serve import requests
Launched and connected shader compiler UnityShaderCompiler.exe after 0.17 seconds
Refreshing native plugins compatible for Editor in 0.60 ms, found 3 plugins.
Preloading 0 native plugins for Editor in 0.00 ms.
Unloading 3423 Unused Serialized files (Serialized files now loaded: 0)
Unloading 27 unused Assets / (111.2 KB). Loaded Objects now: 3894.
Memory consumption went from 129.3 MB to 129.2 MB.
Total: 3.616900 ms (FindLiveObjects: 0.284000 ms CreateObjectMapping: 0.211700 ms MarkObjects: 3.016900 ms  DeleteObjects: 0.103300 ms)

AssetImportParameters requested are different than current active one (requested -> active):
  custom:video-decoder-ogg-theora: a1e56fd34408186e4bbccfd4996cb3dc -> 
  custom:container-muxer-webm: aa71ff27fc2769a1b78a27578f13a17b -> 
  custom:container-demuxer-webm: 4f35f7cbe854078d1ac9338744f61a02 -> 
  custom:video-encoder-webm-vp8: eb34c28f22e8b96e1ab97ce403110664 -> 
  custom:video-codec-MediaFoundation-h265: 746d11721c4dcdbdad8f713fa42b33f4 -> 
  custom:audio-encoder-webm-vorbis: bf7c407c2cedff20999df2af8eb42d56 -> 
  custom:framework-win-MediaFoundation: 216162199b28c13a410421893ffa2e32 -> 
  custom:container-demuxer-ogg: 62fdf1f143b41e24485cea50d1cbac27 -> 
  custom:video-decoder-webm-vp8: 9c59270c3fd7afecdb556c50c9e8de78 -> 
  custom:audio-decoder-ogg-vorbis: bf7c407c2cedff20999df2af8eb42d56 -> 
========================================================================
Received Prepare
Registering precompiled user dll's ...
Registered in 0.003959 seconds.
Begin MonoManager ReloadAssembly
Symbol file LoadedFromMemory doesn't match image D:\Unity\unityProjects\Museografia\Museografia\Library\PackageCache\com.unity.visualscripting@1.7.8\Editor\VisualScripting.Core\Dependencies\YamlDotNet\Unity.VisualScripting.YamlDotNet.dll
Symbol file LoadedFromMemory doesn't match image D:\Unity\unityProjects\Museografia\Museografia\Library\PackageCache\com.unity.visualscripting@1.7.8\Editor\VisualScripting.Core\Dependencies\DotNetZip\Unity.VisualScripting.IonicZip.dll
Native extension for UWP target not found
Native extension for WindowsStandalone target not found
Refreshing native plugins compatible for Editor in 0.84 ms, found 3 plugins.
Preloading 0 native plugins for Editor in 0.00 ms.
Mono: successfully reloaded assembly
- Completed reload, in  1.169 seconds
Domain Reload Profiling:
	ReloadAssembly (1170ms)
		BeginReloadAssembly (134ms)
			ExecutionOrderSort (0ms)
			DisableScriptedObjects (6ms)
			BackupInstance (0ms)
			ReleaseScriptingObjects (0ms)
			CreateAndSetChildDomain (37ms)
		EndReloadAssembly (939ms)
			LoadAssemblies (81ms)
			RebuildTransferFunctionScriptingTraits (0ms)
			SetupTypeCache (322ms)
			ReleaseScriptCaches (1ms)
			RebuildScriptCaches (70ms)
			SetupLoadedEditorAssemblies (384ms)
				LogAssemblyErrors (0ms)
				InitializePlatformSupportModulesInManaged (13ms)
				SetLoadedEditorAssemblies (1ms)
				RefreshPlugins (1ms)
				BeforeProcessingInitializeOnLoad (70ms)
				ProcessInitializeOnLoadAttributes (263ms)
				ProcessInitializeOnLoadMethodAttributes (34ms)
				AfterProcessingInitializeOnLoad (2ms)
				EditorAssembliesLoaded (0ms)
			ExecutionOrderSort2 (0ms)
			AwakeInstancesAfterBackupRestoration (6ms)
Platform modules already initialized, skipping
Refreshing native plugins compatible for Editor in 1.57 ms, found 3 plugins.
Preloading 0 native plugins for Editor in 0.00 ms.
Unloading 3418 Unused Serialized files (Serialized files now loaded: 0)
Unloading 20 unused Assets / (78.6 KB). Loaded Objects now: 3897.
Memory consumption went from 129.3 MB to 129.2 MB.
Total: 3.174100 ms (FindLiveObjects: 0.269500 ms CreateObjectMapping: 0.187000 ms MarkObjects: 2.629700 ms  DeleteObjects: 0.086900 ms)

AssetImportParameters requested are different than current active one (requested -> active):
  custom:video-decoder-ogg-theora: a1e56fd34408186e4bbccfd4996cb3dc -> 
  custom:container-muxer-webm: aa71ff27fc2769a1b78a27578f13a17b -> 
  custom:container-demuxer-webm: 4f35f7cbe854078d1ac9338744f61a02 -> 
  custom:video-encoder-webm-vp8: eb34c28f22e8b96e1ab97ce403110664 -> 
  custom:video-codec-MediaFoundation-h265: 746d11721c4dcdbdad8f713fa42b33f4 -> 
  custom:audio-encoder-webm-vorbis: bf7c407c2cedff20999df2af8eb42d56 -> 
  custom:framework-win-MediaFoundation: 216162199b28c13a410421893ffa2e32 -> 
  custom:container-demuxer-ogg: 62fdf1f143b41e24485cea50d1cbac27 -> 
  custom:video-decoder-webm-vp8: 9c59270c3fd7afecdb556c50c9e8de78 -> 
  custom:audio-decoder-ogg-vorbis: bf7c407c2cedff20999df2af8eb42d56 -> 
========================================================================
Received Import Request.
  Time since last request: 13174.119822 seconds.
  path: Assets/Showroom/Prefabs/Props/Frames/Brass frame .prefab
  artifactKey: Guid(208ef9f0ea77db748926ce92a93b2b9b) Importer(815301076,1909f56bfc062723c751e8b465ee728b)
Start importing Assets/Showroom/Prefabs/Props/Frames/Brass frame .prefab using Guid(208ef9f0ea77db748926ce92a93b2b9b) Importer(815301076,1909f56bfc062723c751e8b465ee728b)  -> (artifact id: 'b353bdad33b8b19a2f1c0b24db700bc9') in 0.173205 seconds 
========================================================================
Received Import Request.
  Time since last request: 38.606195 seconds.
  path: Assets/Showroom/Models/Props/Lights/Standing lamp/Fbx/Standing light .fbx
  artifactKey: Guid(3fdcf7d7bc450794e8ddbffb69e4b8bc) Importer(815301076,1909f56bfc062723c751e8b465ee728b)
Start importing Assets/Showroom/Models/Props/Lights/Standing lamp/Fbx/Standing light .fbx using Guid(3fdcf7d7bc450794e8ddbffb69e4b8bc) Importer(815301076,1909f56bfc062723c751e8b465ee728b)  -> (artifact id: 'bff06eef469eac4a2da27989c2661335') in 0.068095 seconds 
========================================================================
Received Import Request.
  Time since last request: 0.000027 seconds.
  path: Assets/Showroom/Models/Props/Struts/strut/Fbx/Ceiling strut .fbx
  artifactKey: Guid(28aebfa1582813f4abc1066fb26a3695) Importer(815301076,1909f56bfc062723c751e8b465ee728b)
Start importing Assets/Showroom/Models/Props/Struts/strut/Fbx/Ceiling strut .fbx using Guid(28aebfa1582813f4abc1066fb26a3695) Importer(815301076,1909f56bfc062723c751e8b465ee728b)  -> (artifact id: '223cd583c632b9d22a7723836bae090a') in 0.021951 seconds 
========================================================================
Received Import Request.
  Time since last request: 0.000021 seconds.
  path: Assets/Showroom/Models/Rooms/Roof 1/Roof 1 .fbx
  artifactKey: Guid(2e6f5ffe0e43bb54e91e152a649b8ddc) Importer(815301076,1909f56bfc062723c751e8b465ee728b)
Start importing Assets/Showroom/Models/Rooms/Roof 1/Roof 1 .fbx using Guid(2e6f5ffe0e43bb54e91e152a649b8ddc) Importer(815301076,1909f56bfc062723c751e8b465ee728b)  -> (artifact id: 'd9acab45523afa9120a81f1ba42b93b6') in 0.021462 seconds 
========================================================================
Received Import Request.
  Time since last request: 0.000019 seconds.
  path: Assets/Showroom/Models/Props/Placards/Wall placard/Fbx/wall Placard .fbx
  artifactKey: Guid(bc7b1805f57a35144bedc6daff1624fa) Importer(815301076,1909f56bfc062723c751e8b465ee728b)
Start importing Assets/Showroom/Models/Props/Placards/Wall placard/Fbx/wall Placard .fbx using Guid(bc7b1805f57a35144bedc6daff1624fa) Importer(815301076,1909f56bfc062723c751e8b465ee728b)  -> (artifact id: '3c2a8dff40ec17fd7e686c07bd71f14a') in 0.017115 seconds 
========================================================================
Received Import Request.
  Time since last request: 0.000016 seconds.
  path: Assets/Showroom/Models/Props/Placards/Wall placard/Fbx/Placard .fbx
  artifactKey: Guid(c810a9c493bb51547a34a80a2d91cdbe) Importer(815301076,1909f56bfc062723c751e8b465ee728b)
Start importing Assets/Showroom/Models/Props/Placards/Wall placard/Fbx/Placard .fbx using Guid(c810a9c493bb51547a34a80a2d91cdbe) Importer(815301076,1909f56bfc062723c751e8b465ee728b)  -> (artifact id: 'cfc84678723b98da9fb0286a37a28b76') in 0.017003 seconds 
========================================================================
Received Import Request.
  Time since last request: 0.000019 seconds.
  path: Assets/Showroom/Models/Rooms/Standard wall/Standard wall .fbx
  artifactKey: Guid(f43abddb150393e4b921d8cce135299f) Importer(815301076,1909f56bfc062723c751e8b465ee728b)
Start importing Assets/Showroom/Models/Rooms/Standard wall/Standard wall .fbx using Guid(f43abddb150393e4b921d8cce135299f) Importer(815301076,1909f56bfc062723c751e8b465ee728b)  -> (artifact id: '3c57404d91653c7133eb7c7620872085') in 0.016661 seconds 
========================================================================
Received Import Request.
  Time since last request: 0.000036 seconds.
  path: Assets/Showroom/Models/Props/Placards/Text/Fbx/User imput placard .fbx
  artifactKey: Guid(a6cfb923744392041bdaa97d4a3b940c) Importer(815301076,1909f56bfc062723c751e8b465ee728b)
Start importing Assets/Showroom/Models/Props/Placards/Text/Fbx/User imput placard .fbx using Guid(a6cfb923744392041bdaa97d4a3b940c) Importer(815301076,1909f56bfc062723c751e8b465ee728b)  -> (artifact id: 'd7b0ff6b10448adb175066eed588c139') in 0.016833 seconds 
========================================================================
Received Import Request.
  Time since last request: 0.000032 seconds.
  path: Assets/Showroom/Models/Props/Box podium/Fbx/Box podium .fbx
  artifactKey: Guid(d9890718e9383b342b6fe010a6699874) Importer(815301076,1909f56bfc062723c751e8b465ee728b)
Start importing Assets/Showroom/Models/Props/Box podium/Fbx/Box podium .fbx using Guid(d9890718e9383b342b6fe010a6699874) Importer(815301076,1909f56bfc062723c751e8b465ee728b)  -> (artifact id: '65a8ce3defb23275de86eddf42cf367c') in 0.018476 seconds 
========================================================================
Received Import Request.
  Time since last request: 0.000017 seconds.
  path: Assets/Showroom/Models/Props/Lights/Ceiling lamp/Fbx/Ceiling lamp .fbx
  artifactKey: Guid(d030d85820daff8468e5ac2921e999d4) Importer(815301076,1909f56bfc062723c751e8b465ee728b)
Start importing Assets/Showroom/Models/Props/Lights/Ceiling lamp/Fbx/Ceiling lamp .fbx using Guid(d030d85820daff8468e5ac2921e999d4) Importer(815301076,1909f56bfc062723c751e8b465ee728b)  -> (artifact id: '670fb53c1626f1b658b27e78c02ada74') in 0.022194 seconds 
========================================================================
Received Import Request.
  Time since last request: 0.000020 seconds.
  path: Assets/Showroom/Models/Props/Frames/Picture/Fbx/Basic frame.fbx
  artifactKey: Guid(c9a0f89571d6b6b4ba3c33715ab3e5e0) Importer(815301076,1909f56bfc062723c751e8b465ee728b)
Start importing Assets/Showroom/Models/Props/Frames/Picture/Fbx/Basic frame.fbx using Guid(c9a0f89571d6b6b4ba3c33715ab3e5e0) Importer(815301076,1909f56bfc062723c751e8b465ee728b)  -> (artifact id: 'ba0f4b83a5dcd7c38558995c8e0715e6') in 0.032882 seconds 
========================================================================
Received Import Request.
  Time since last request: 0.000020 seconds.
  path: Assets/Showroom/Models/Rooms/Standard wall/standard floor .fbx
  artifactKey: Guid(d6d890954efecea4eb88e009a73e2440) Importer(815301076,1909f56bfc062723c751e8b465ee728b)
Start importing Assets/Showroom/Models/Rooms/Standard wall/standard floor .fbx using Guid(d6d890954efecea4eb88e009a73e2440) Importer(815301076,1909f56bfc062723c751e8b465ee728b)  -> (artifact id: '7d40bb56a2dff6973846a07425992970') in 0.017519 seconds 
========================================================================
Received Import Request.
  Time since last request: 0.000020 seconds.
  path: Assets/Showroom/Models/Props/Standing placard/Fbx/standing placard text .fbx
  artifactKey: Guid(be15fb136dda6b44aab5ff31bc748924) Importer(815301076,1909f56bfc062723c751e8b465ee728b)
Start importing Assets/Showroom/Models/Props/Standing placard/Fbx/standing placard text .fbx using Guid(be15fb136dda6b44aab5ff31bc748924) Importer(815301076,1909f56bfc062723c751e8b465ee728b)  -> (artifact id: 'b504f4ba159ded402f1da187c48aee42') in 0.017218 seconds 
========================================================================
Received Import Request.
  Time since last request: 0.000025 seconds.
  path: Assets/Showroom/Models/Props/Frames/Basic frame/Fbx/Basic frame .fbx
  artifactKey: Guid(75fc3afa9e680a94090a23a187aca0a6) Importer(815301076,1909f56bfc062723c751e8b465ee728b)
Start importing Assets/Showroom/Models/Props/Frames/Basic frame/Fbx/Basic frame .fbx using Guid(75fc3afa9e680a94090a23a187aca0a6) Importer(815301076,1909f56bfc062723c751e8b465ee728b)  -> (artifact id: '0aef6e1ebd98f69b97db93bf73ab9099') in 0.032319 seconds 
========================================================================
Received Import Request.
  Time since last request: 0.000022 seconds.
  path: Assets/Showroom/Models/Props/Standing placard/Fbx/Standing placard .fbx
  artifactKey: Guid(fe99fe35a62be0a409ca8f4eb2f942bd) Importer(815301076,1909f56bfc062723c751e8b465ee728b)
Start importing Assets/Showroom/Models/Props/Standing placard/Fbx/Standing placard .fbx using Guid(fe99fe35a62be0a409ca8f4eb2f942bd) Importer(815301076,1909f56bfc062723c751e8b465ee728b)  -> (artifact id: 'f311c4fd05f511857ceebda21f6a3757') in 0.019970 seconds 
========================================================================
Received Import Request.
  Time since last request: 0.000025 seconds.
  path: Assets/Showroom/Models/Rooms/Floor/Mid room divsion/FBX/Mid room division .fbx
  artifactKey: Guid(c7cb2964d5255df40b99fb29c14d4930) Importer(815301076,1909f56bfc062723c751e8b465ee728b)
Start importing Assets/Showroom/Models/Rooms/Floor/Mid room divsion/FBX/Mid room division .fbx using Guid(c7cb2964d5255df40b99fb29c14d4930) Importer(815301076,1909f56bfc062723c751e8b465ee728b)  -> (artifact id: 'd45bb5da68a6c559f55e05b004746617') in 0.033347 seconds 
========================================================================
Received Import Request.
  Time since last request: 0.000022 seconds.
  path: Assets/Showroom/Models/Rooms/Centre wall doorway/wall centre doorway.fbx
  artifactKey: Guid(9f7210631b4a9004c98a2efbe90ace5a) Importer(815301076,1909f56bfc062723c751e8b465ee728b)
Start importing Assets/Showroom/Models/Rooms/Centre wall doorway/wall centre doorway.fbx using Guid(9f7210631b4a9004c98a2efbe90ace5a) Importer(815301076,1909f56bfc062723c751e8b465ee728b)  -> (artifact id: 'e0240df9960cc06493a37f6aa342e8dd') in 0.016008 seconds 
========================================================================
Received Import Request.
  Time since last request: 0.000019 seconds.
  path: Assets/Showroom/Standard Assets/Characters/ThirdPersonCharacter/Models/Ethan.fbx
  artifactKey: Guid(b235179bd2a63d1468dd430670338c55) Importer(815301076,1909f56bfc062723c751e8b465ee728b)
Start importing Assets/Showroom/Standard Assets/Characters/ThirdPersonCharacter/Models/Ethan.fbx using Guid(b235179bd2a63d1468dd430670338c55) Importer(815301076,1909f56bfc062723c751e8b465ee728b)  -> (artifact id: '4b4724d548b2383743d84c6291d4b738') in 0.618423 seconds 
========================================================================
Received Import Request.
  Time since last request: 279.451431 seconds.
  path: Assets/Showroom/Prefabs/Props/Frames/Wooden frame .prefab
  artifactKey: Guid(ab77a9186efc37b469bac6869ed54dd4) Importer(815301076,1909f56bfc062723c751e8b465ee728b)
Start importing Assets/Showroom/Prefabs/Props/Frames/Wooden frame .prefab using Guid(ab77a9186efc37b469bac6869ed54dd4) Importer(815301076,1909f56bfc062723c751e8b465ee728b)  -> (artifact id: '15d8fd46474c65f155868247e7198d5e') in 0.028481 seconds 
========================================================================
Received Import Request.
  Time since last request: 107.232146 seconds.
  path: Assets/Standard Assets/water well/Water well_Prefab.prefab
  artifactKey: Guid(86e9f6bb23445c2418abce9d418b64a9) Importer(815301076,1909f56bfc062723c751e8b465ee728b)
Start importing Assets/Standard Assets/water well/Water well_Prefab.prefab using Guid(86e9f6bb23445c2418abce9d418b64a9) Importer(815301076,1909f56bfc062723c751e8b465ee728b)  -> (artifact id: '0d9d3db11a63176e1b26678779143262') in 0.134485 seconds 
========================================================================
Received Prepare
Registering precompiled user dll's ...
Registered in 0.003963 seconds.
Begin MonoManager ReloadAssembly
Symbol file LoadedFromMemory doesn't match image D:\Unity\unityProjects\Museografia\Museografia\Library\PackageCache\com.unity.visualscripting@1.7.8\Editor\VisualScripting.Core\Dependencies\YamlDotNet\Unity.VisualScripting.YamlDotNet.dll
Symbol file LoadedFromMemory doesn't match image D:\Unity\unityProjects\Museografia\Museografia\Library\PackageCache\com.unity.visualscripting@1.7.8\Editor\VisualScripting.Core\Dependencies\DotNetZip\Unity.VisualScripting.IonicZip.dll
Native extension for UWP target not found
Native extension for WindowsStandalone target not found
Refreshing native plugins compatible for Editor in 0.56 ms, found 3 plugins.
Preloading 0 native plugins for Editor in 0.00 ms.
Mono: successfully reloaded assembly
- Completed reload, in  1.042 seconds
Domain Reload Profiling:
	ReloadAssembly (1043ms)
		BeginReloadAssembly (131ms)
			ExecutionOrderSort (0ms)
			DisableScriptedObjects (5ms)
			BackupInstance (0ms)
			ReleaseScriptingObjects (0ms)
			CreateAndSetChildDomain (43ms)
		EndReloadAssembly (817ms)
			LoadAssemblies (77ms)
			RebuildTransferFunctionScriptingTraits (0ms)
			SetupTypeCache (299ms)
			ReleaseScriptCaches (2ms)
			RebuildScriptCaches (47ms)
			SetupLoadedEditorAssemblies (347ms)
				LogAssemblyErrors (0ms)
				InitializePlatformSupportModulesInManaged (12ms)
				SetLoadedEditorAssemblies (1ms)
				RefreshPlugins (1ms)
				BeforeProcessingInitializeOnLoad (65ms)
				ProcessInitializeOnLoadAttributes (239ms)
				ProcessInitializeOnLoadMethodAttributes (28ms)
				AfterProcessingInitializeOnLoad (2ms)
				EditorAssembliesLoaded (0ms)
			ExecutionOrderSort2 (0ms)
			AwakeInstancesAfterBackupRestoration (6ms)
Platform modules already initialized, skipping
Refreshing native plugins compatible for Editor in 1.74 ms, found 3 plugins.
Preloading 0 native plugins for Editor in 0.00 ms.
Unloading 3418 Unused Serialized files (Serialized files now loaded: 0)
Unloading 20 unused Assets / (78.6 KB). Loaded Objects now: 3915.
Memory consumption went from 147.9 MB to 147.8 MB.
Total: 4.440200 ms (FindLiveObjects: 0.252400 ms CreateObjectMapping: 0.194700 ms MarkObjects: 3.918900 ms  DeleteObjects: 0.073500 ms)

AssetImportParameters requested are different than current active one (requested -> active):
  custom:video-decoder-ogg-theora: a1e56fd34408186e4bbccfd4996cb3dc -> 
  custom:container-muxer-webm: aa71ff27fc2769a1b78a27578f13a17b -> 
  custom:container-demuxer-webm: 4f35f7cbe854078d1ac9338744f61a02 -> 
  custom:video-encoder-webm-vp8: eb34c28f22e8b96e1ab97ce403110664 -> 
  custom:video-codec-MediaFoundation-h265: 746d11721c4dcdbdad8f713fa42b33f4 -> 
  custom:audio-encoder-webm-vorbis: bf7c407c2cedff20999df2af8eb42d56 -> 
  custom:framework-win-MediaFoundation: 216162199b28c13a410421893ffa2e32 -> 
  custom:container-demuxer-ogg: 62fdf1f143b41e24485cea50d1cbac27 -> 
  custom:video-decoder-webm-vp8: 9c59270c3fd7afecdb556c50c9e8de78 -> 
  custom:audio-decoder-ogg-vorbis: bf7c407c2cedff20999df2af8eb42d56 -> 
========================================================================
Received Prepare
Registering precompiled user dll's ...
Registered in 0.004404 seconds.
Begin MonoManager ReloadAssembly
Symbol file LoadedFromMemory doesn't match image D:\Unity\unityProjects\Museografia\Museografia\Library\PackageCache\com.unity.visualscripting@1.7.8\Editor\VisualScripting.Core\Dependencies\YamlDotNet\Unity.VisualScripting.YamlDotNet.dll
Symbol file LoadedFromMemory doesn't match image D:\Unity\unityProjects\Museografia\Museografia\Library\PackageCache\com.unity.visualscripting@1.7.8\Editor\VisualScripting.Core\Dependencies\DotNetZip\Unity.VisualScripting.IonicZip.dll
Native extension for UWP target not found
Native extension for WindowsStandalone target not found
Refreshing native plugins compatible for Editor in 0.56 ms, found 3 plugins.
Preloading 0 native plugins for Editor in 0.00 ms.
Mono: successfully reloaded assembly
- Completed reload, in  1.034 seconds
Domain Reload Profiling:
	ReloadAssembly (1035ms)
		BeginReloadAssembly (130ms)
			ExecutionOrderSort (0ms)
			DisableScriptedObjects (6ms)
			BackupInstance (0ms)
			ReleaseScriptingObjects (0ms)
			CreateAndSetChildDomain (34ms)
		EndReloadAssembly (804ms)
			LoadAssemblies (86ms)
			RebuildTransferFunctionScriptingTraits (0ms)
			SetupTypeCache (263ms)
			ReleaseScriptCaches (2ms)
			RebuildScriptCaches (49ms)
			SetupLoadedEditorAssemblies (336ms)
				LogAssemblyErrors (0ms)
				InitializePlatformSupportModulesInManaged (12ms)
				SetLoadedEditorAssemblies (0ms)
				RefreshPlugins (1ms)
				BeforeProcessingInitializeOnLoad (64ms)
				ProcessInitializeOnLoadAttributes (227ms)
				ProcessInitializeOnLoadMethodAttributes (29ms)
				AfterProcessingInitializeOnLoad (2ms)
				EditorAssembliesLoaded (0ms)
			ExecutionOrderSort2 (0ms)
			AwakeInstancesAfterBackupRestoration (7ms)
Platform modules already initialized, skipping
Refreshing native plugins compatible for Editor in 3.53 ms, found 3 plugins.
Preloading 0 native plugins for Editor in 0.00 ms.
Unloading 3418 Unused Serialized files (Serialized files now loaded: 0)
Unloading 20 unused Assets / (78.5 KB). Loaded Objects now: 3918.
Memory consumption went from 147.9 MB to 147.8 MB.
Total: 3.386300 ms (FindLiveObjects: 0.288300 ms CreateObjectMapping: 0.192800 ms MarkObjects: 2.820000 ms  DeleteObjects: 0.084300 ms)

AssetImportParameters requested are different than current active one (requested -> active):
  custom:video-decoder-ogg-theora: a1e56fd34408186e4bbccfd4996cb3dc -> 
  custom:container-muxer-webm: aa71ff27fc2769a1b78a27578f13a17b -> 
  custom:container-demuxer-webm: 4f35f7cbe854078d1ac9338744f61a02 -> 
  custom:video-encoder-webm-vp8: eb34c28f22e8b96e1ab97ce403110664 -> 
  custom:video-codec-MediaFoundation-h265: 746d11721c4dcdbdad8f713fa42b33f4 -> 
  custom:audio-encoder-webm-vorbis: bf7c407c2cedff20999df2af8eb42d56 -> 
  custom:framework-win-MediaFoundation: 216162199b28c13a410421893ffa2e32 -> 
  custom:container-demuxer-ogg: 62fdf1f143b41e24485cea50d1cbac27 -> 
  custom:video-decoder-webm-vp8: 9c59270c3fd7afecdb556c50c9e8de78 -> 
  custom:audio-decoder-ogg-vorbis: bf7c407c2cedff20999df2af8eb42d56 -> 
========================================================================
Received Import Request.
  Time since last request: 712.074521 seconds.
  path: Assets/Showroom/Models/Props/Placards/Text/Textures/Brass placard wall text.mat
  artifactKey: Guid(ca2794f83421e1b48a303fdd163958c4) Importer(815301076,1909f56bfc062723c751e8b465ee728b)
Start importing Assets/Showroom/Models/Props/Placards/Text/Textures/Brass placard wall text.mat using Guid(ca2794f83421e1b48a303fdd163958c4) Importer(815301076,1909f56bfc062723c751e8b465ee728b)  -> (artifact id: '6540d39d6174a581a5dfc595b8e6318a') in 0.144764 seconds 
========================================================================
Received Import Request.
  Time since last request: 0.000022 seconds.
  path: Assets/Showroom/Models/Props/Frames/Basic frame/Fbx/Materials/No Name.mat
  artifactKey: Guid(fded73397fe39a145b228e61b053677e) Importer(815301076,1909f56bfc062723c751e8b465ee728b)
Start importing Assets/Showroom/Models/Props/Frames/Basic frame/Fbx/Materials/No Name.mat using Guid(fded73397fe39a145b228e61b053677e) Importer(815301076,1909f56bfc062723c751e8b465ee728b)  -> (artifact id: '220c33ce222c9977f5e9d4ddc170869f') in 0.027275 seconds 
========================================================================
Received Import Request.
  Time since last request: 0.000019 seconds.
  path: Assets/Showroom/Models/Props/Box podium/Wood with metal trim textures/podium wood with metal trim.mat
  artifactKey: Guid(c73f4e9052063d54cb429e8c8afbaf2e) Importer(815301076,1909f56bfc062723c751e8b465ee728b)
Start importing Assets/Showroom/Models/Props/Box podium/Wood with metal trim textures/podium wood with metal trim.mat using Guid(c73f4e9052063d54cb429e8c8afbaf2e) Importer(815301076,1909f56bfc062723c751e8b465ee728b)  -> (artifact id: '2802b80022fe2f51bced521f3c88d620') in 0.072738 seconds 
========================================================================
Received Import Request.
  Time since last request: 0.000032 seconds.
  path: Assets/Showroom/Models/Props/Frames/Picture/Fbx/Materials/No Name.mat
  artifactKey: Guid(09326e4fa7aca024089649b63c0bea53) Importer(815301076,1909f56bfc062723c751e8b465ee728b)
Start importing Assets/Showroom/Models/Props/Frames/Picture/Fbx/Materials/No Name.mat using Guid(09326e4fa7aca024089649b63c0bea53) Importer(815301076,1909f56bfc062723c751e8b465ee728b)  -> (artifact id: '0e257be97efd8b279ab133511e7a79d3') in 0.008533 seconds 
========================================================================
Received Import Request.
  Time since last request: 0.000022 seconds.
  path: Assets/Showroom/Models/Props/Box podium/Plastic textures/Plastic box podium.mat
  artifactKey: Guid(8ed0beb8a9e5ce540b0cec3b89c84efd) Importer(815301076,1909f56bfc062723c751e8b465ee728b)
Start importing Assets/Showroom/Models/Props/Box podium/Plastic textures/Plastic box podium.mat using Guid(8ed0beb8a9e5ce540b0cec3b89c84efd) Importer(815301076,1909f56bfc062723c751e8b465ee728b)  -> (artifact id: '2055ede228b1b0df9a94dffd9d42b16a') in 0.057290 seconds 
========================================================================
Received Import Request.
  Time since last request: 0.000024 seconds.
  path: Assets/Showroom/Models/Props/Lights/Standing lamp/Fbx/Materials/No Name.mat
  artifactKey: Guid(387c192b192f7064aa561046a9672429) Importer(815301076,1909f56bfc062723c751e8b465ee728b)
Start importing Assets/Showroom/Models/Props/Lights/Standing lamp/Fbx/Materials/No Name.mat using Guid(387c192b192f7064aa561046a9672429) Importer(815301076,1909f56bfc062723c751e8b465ee728b)  -> (artifact id: '88ae903683bf77f55dddd32ea1af47e0') in 0.007526 seconds 
========================================================================
Received Import Request.
  Time since last request: 0.000018 seconds.
  path: Assets/Showroom/Models/Props/Struts/strut/Textures/Ceiling strut.mat
  artifactKey: Guid(f68a263edd4e29745bc3e5420bd95e49) Importer(815301076,1909f56bfc062723c751e8b465ee728b)
Start importing Assets/Showroom/Models/Props/Struts/strut/Textures/Ceiling strut.mat using Guid(f68a263edd4e29745bc3e5420bd95e49) Importer(815301076,1909f56bfc062723c751e8b465ee728b)  -> (artifact id: 'aeb0b3b61341436fcfad5b1fcc19a58d') in 0.022097 seconds 
========================================================================
Received Import Request.
  Time since last request: 0.000021 seconds.
  path: Assets/Showroom/Models/Props/Frames/Basic frame/Plastic frame textures/Plastic basic frame.mat
  artifactKey: Guid(361282572a41acd43acd39a0cb3100eb) Importer(815301076,1909f56bfc062723c751e8b465ee728b)
Start importing Assets/Showroom/Models/Props/Frames/Basic frame/Plastic frame textures/Plastic basic frame.mat using Guid(361282572a41acd43acd39a0cb3100eb) Importer(815301076,1909f56bfc062723c751e8b465ee728b)  -> (artifact id: 'c59401f72a9deb8696b25bf8356d6fcb') in 0.024151 seconds 
========================================================================
Received Import Request.
  Time since last request: 0.000025 seconds.
  path: Assets/Standard Assets/water well/Materials/defaultMat.mat
  artifactKey: Guid(2d46da3adb815994e8415b4fc5c8fc49) Importer(815301076,1909f56bfc062723c751e8b465ee728b)
Start importing Assets/Standard Assets/water well/Materials/defaultMat.mat using Guid(2d46da3adb815994e8415b4fc5c8fc49) Importer(815301076,1909f56bfc062723c751e8b465ee728b)  -> (artifact id: '88516edb46c2a98782e2e971c4f5c60c') in 0.010643 seconds 
========================================================================
Received Import Request.
  Time since last request: 0.000016 seconds.
  path: Assets/Showroom/Models/Rooms/Floor/Mid room divsion/Mid room divsion.mat
  artifactKey: Guid(fc65d07d646df0a41aa924c6a9db8ee7) Importer(815301076,1909f56bfc062723c751e8b465ee728b)
Start importing Assets/Showroom/Models/Rooms/Floor/Mid room divsion/Mid room divsion.mat using Guid(fc65d07d646df0a41aa924c6a9db8ee7) Importer(815301076,1909f56bfc062723c751e8b465ee728b)  -> (artifact id: 'ed402eef967741b930d6dea4a99efd3d') in 0.049956 seconds 
========================================================================
Received Import Request.
  Time since last request: 0.000025 seconds.
  path: Assets/Showroom/Models/Rooms/Floor/Mid room divsion/FBX/Materials/No Name.mat
  artifactKey: Guid(1b5a298f79328a44bbf724e796388e79) Importer(815301076,1909f56bfc062723c751e8b465ee728b)
Start importing Assets/Showroom/Models/Rooms/Floor/Mid room divsion/FBX/Materials/No Name.mat using Guid(1b5a298f79328a44bbf724e796388e79) Importer(815301076,1909f56bfc062723c751e8b465ee728b)  -> (artifact id: '71cb81584b6c022860e4b04084588fff') in 0.009262 seconds 
========================================================================
Received Import Request.
  Time since last request: 0.000019 seconds.
  path: Assets/Showroom/Models/Props/Circular podium/Wood with metal trim textures/Circular podium wood wih metal trim.mat
  artifactKey: Guid(8f28db2705ae5f745bd0dab83dcf52c6) Importer(815301076,1909f56bfc062723c751e8b465ee728b)
Start importing Assets/Showroom/Models/Props/Circular podium/Wood with metal trim textures/Circular podium wood wih metal trim.mat using Guid(8f28db2705ae5f745bd0dab83dcf52c6) Importer(815301076,1909f56bfc062723c751e8b465ee728b)  -> (artifact id: '635a02306e1e65b2d37d9c2ca897ed68') in 0.019817 seconds 
========================================================================
Received Import Request.
  Time since last request: 0.000025 seconds.
  path: Assets/Showroom/Standard Assets/Characters/ThirdPersonCharacter/Materials/EthanGrey.mat
  artifactKey: Guid(621e901dcf5ebaf46bce29d18f67194c) Importer(815301076,1909f56bfc062723c751e8b465ee728b)
Start importing Assets/Showroom/Standard Assets/Characters/ThirdPersonCharacter/Materials/EthanGrey.mat using Guid(621e901dcf5ebaf46bce29d18f67194c) Importer(815301076,1909f56bfc062723c751e8b465ee728b)  -> (artifact id: '80a77da61b46c1404e07ef58c44c2b11') in 0.068612 seconds 
========================================================================
Received Import Request.
  Time since last request: 0.000029 seconds.
  path: Assets/Showroom/Prefabs/Props/Lights/Light source material/Light source.mat
  artifactKey: Guid(907c134bbecf40b4b8bec4af76566e9b) Importer(815301076,1909f56bfc062723c751e8b465ee728b)
Start importing Assets/Showroom/Prefabs/Props/Lights/Light source material/Light source.mat using Guid(907c134bbecf40b4b8bec4af76566e9b) Importer(815301076,1909f56bfc062723c751e8b465ee728b)  -> (artifact id: '9b4b408ffddf13dc34a6ae026ba34ef5') in 0.031888 seconds 
========================================================================
Received Import Request.
  Time since last request: 0.000019 seconds.
  path: Assets/Showroom/Models/Rooms/Materials/No Name.mat
  artifactKey: Guid(7e2a1fe9db9a3cf43922a31baa915055) Importer(815301076,1909f56bfc062723c751e8b465ee728b)
Start importing Assets/Showroom/Models/Rooms/Materials/No Name.mat using Guid(7e2a1fe9db9a3cf43922a31baa915055) Importer(815301076,1909f56bfc062723c751e8b465ee728b)  -> (artifact id: 'c8f82a65151133ba05bcb9096ef1abf1') in 0.007448 seconds 
========================================================================
Received Import Request.
  Time since last request: 0.000021 seconds.
  path: Assets/Showroom/Models/Props/Lights/Ceiling lamp/Textures/Ceiling lamp.mat
  artifactKey: Guid(4860677846456d84581e8cb503c23610) Importer(815301076,1909f56bfc062723c751e8b465ee728b)
Start importing Assets/Showroom/Models/Props/Lights/Ceiling lamp/Textures/Ceiling lamp.mat using Guid(4860677846456d84581e8cb503c23610) Importer(815301076,1909f56bfc062723c751e8b465ee728b)  -> (artifact id: 'c38747d2afebb6f86febbb206a3fd9b0') in 0.026558 seconds 
========================================================================
Received Import Request.
  Time since last request: 0.000020 seconds.
  path: Assets/Showroom/Models/Props/Standing placard/Fbx/Materials/No Name.mat
  artifactKey: Guid(a54313f59bb84b64687d01828abefaeb) Importer(815301076,1909f56bfc062723c751e8b465ee728b)
Start importing Assets/Showroom/Models/Props/Standing placard/Fbx/Materials/No Name.mat using Guid(a54313f59bb84b64687d01828abefaeb) Importer(815301076,1909f56bfc062723c751e8b465ee728b)  -> (artifact id: '842b53f1a1b6b48d85eaa1c3bbe3b3cc') in 0.009313 seconds 
========================================================================
Received Import Request.
  Time since last request: 0.000097 seconds.
  path: Assets/Showroom/Standard Assets/Characters/ThirdPersonCharacter/Materials/EthanWhite.mat
  artifactKey: Guid(f62b52b2d4b721742a0bc5c6b4db468d) Importer(815301076,1909f56bfc062723c751e8b465ee728b)
Start importing Assets/Showroom/Standard Assets/Characters/ThirdPersonCharacter/Materials/EthanWhite.mat using Guid(f62b52b2d4b721742a0bc5c6b4db468d) Importer(815301076,1909f56bfc062723c751e8b465ee728b)  -> (artifact id: '01eab94717646f837422deb83078913f') in 0.034095 seconds 
========================================================================
Received Import Request.
  Time since last request: 3.497650 seconds.
  path: Assets/Showroom/Standard Assets/Characters/RollerBall/Materials/RollerBallGrey.mat
  artifactKey: Guid(6fd099d339b4ae34692c8258e4f87531) Importer(815301076,1909f56bfc062723c751e8b465ee728b)
Start importing Assets/Showroom/Standard Assets/Characters/RollerBall/Materials/RollerBallGrey.mat using Guid(6fd099d339b4ae34692c8258e4f87531) Importer(815301076,1909f56bfc062723c751e8b465ee728b)  -> (artifact id: '56a895fdb94ad6db74ee35206c49a936') in 0.264073 seconds 
========================================================================
Received Import Request.
  Time since last request: 0.000018 seconds.
  path: Assets/Showroom/Demo scenes/Single rooms/1 Frame/1 frame materials/The placard 1.mat
  artifactKey: Guid(b3f2c92eeb1499148baa282450d006f4) Importer(815301076,1909f56bfc062723c751e8b465ee728b)
Start importing Assets/Showroom/Demo scenes/Single rooms/1 Frame/1 frame materials/The placard 1.mat using Guid(b3f2c92eeb1499148baa282450d006f4) Importer(815301076,1909f56bfc062723c751e8b465ee728b)  -> (artifact id: 'a506f7a4f5c500757c5d0fa32f9ad1fe') in 0.197688 seconds 
========================================================================
Received Import Request.
  Time since last request: 0.000028 seconds.
  path: Assets/Showroom/Models/Props/Frames/Basic frame/Wooden textures/Wooden basic frame.mat
  artifactKey: Guid(add1c49753142934385b3e46ff07ba1e) Importer(815301076,1909f56bfc062723c751e8b465ee728b)
Start importing Assets/Showroom/Models/Props/Frames/Basic frame/Wooden textures/Wooden basic frame.mat using Guid(add1c49753142934385b3e46ff07ba1e) Importer(815301076,1909f56bfc062723c751e8b465ee728b)  -> (artifact id: 'b791a383e34cafa7851a1dae3cd4dc76') in 0.056593 seconds 
Editor requested this worker to shutdown with reason: Scaling down because of idle timeout
AssetImportWorker is now disconnected from the server
Process exiting
Exiting without the bug reporter. Application will terminate with return code 0